[2023-11-29 08:17:32] local.ERROR: Undefined array key 0 {"exception":"[object] (ErrorException(code: 0): Undefined array key 0 at /home/goysim/public_html/SAE_dev_perso/Laravel/SAE301_TD2_G5/bmwmottorad/app/Http/Controllers/ColorController.php:14)
[stacktrace]
#0 /home/goysim/public_html/SAE_dev_perso/Laravel/SAE301_TD2_G5/bmwmottorad/vendor/laravel/framework/src/Illuminate/Foundation/Bootstrap/HandleExceptions.php(254): Illuminate\\Foundation\\Bootstrap\\HandleExceptions->handleError()
#1 /home/goysim/public_html/SAE_dev_perso/Laravel/SAE301_TD2_G5/bmwmottorad/app/Http/Controllers/ColorController.php(14): Illuminate\\Foundation\\Bootstrap\\HandleExceptions->Illuminate\\Foundation\\Bootstrap\\{closure}()
#2 /home/goysim/public_html/SAE_dev_perso/Laravel/SAE301_TD2_G5/bmwmottorad/vendor/laravel/framework/src/Illuminate/Routing/Controller.php(54): App\\Http\\Controllers\\ColorController->processColorsForm()
#3 /home/goysim/public_html/SAE_dev_perso/Laravel/SAE301_TD2_G5/bmwmottorad/vendor/laravel/framework/src/Illuminate/Routing/ControllerDispatcher.php(43): Illuminate\\Routing\\Controller->callAction()
#4 /home/goysim/public_html/SAE_dev_perso/Laravel/SAE301_TD2_G5/bmwmottorad/vendor/laravel/framework/src/Illuminate/Routing/Route.php(260): Illuminate\\Routing\\ControllerDispatcher->dispatch()
#5 /home/goysim/public_html/SAE_dev_perso/Laravel/SAE301_TD2_G5/bmwmottorad/vendor/laravel/framework/src/Illuminate/Routing/Route.php(205): Illuminate\\Routing\\Route->runController()
#6 /home/goysim/public_html/SAE_dev_perso/Laravel/SAE301_TD2_G5/bmwmottorad/vendor/laravel/framework/src/Illuminate/Routing/Router.php(799): Illuminate\\Routing\\Route->run()
#7 /home/goysim/public_html/SAE_dev_perso/Laravel/SAE301_TD2_G5/bmwmottorad/vendor/laravel/framework/src/Illuminate/Pipeline/Pipeline.php(141): Illuminate\\Routing\\Router->Illuminate\\Routing\\{closure}()
#8 /home/goysim/public_html/SAE_dev_perso/Laravel/SAE301_TD2_G5/bmwmottorad/vendor/laravel/framework/src/Illuminate/Routing/Middleware/SubstituteBindings.php(50): Illuminate\\Pipeline\\Pipeline->Illuminate\\Pipeline\\{closure}()
#9 /home/goysim/public_html/SAE_dev_perso/Laravel/SAE301_TD2_G5/bmwmottorad/vendor/laravel/framework/src/Illuminate/Pipeline/Pipeline.php(180): Illuminate\\Routing\\Middleware\\SubstituteBindings->handle()
#10 /home/goysim/public_html/SAE_dev_perso/Laravel/SAE301_TD2_G5/bmwmottorad/vendor/laravel/framework/src/Illuminate/Foundation/Http/Middleware/VerifyCsrfToken.php(78): Illuminate\\Pipeline\\Pipeline->Illuminate\\Pipeline\\{closure}()
#11 /home/goysim/public_html/SAE_dev_perso/Laravel/SAE301_TD2_G5/bmwmottorad/vendor/laravel/framework/src/Illuminate/Pipeline/Pipeline.php(180): Illuminate\\Foundation\\Http\\Middleware\\VerifyCsrfToken->handle()
#12 /home/goysim/public_html/SAE_dev_perso/Laravel/SAE301_TD2_G5/bmwmottorad/vendor/laravel/framework/src/Illuminate/View/Middleware/ShareErrorsFromSession.php(49): Illuminate\\Pipeline\\Pipeline->Illuminate\\Pipeline\\{closure}()
#13 /home/goysim/public_html/SAE_dev_perso/Laravel/SAE301_TD2_G5/bmwmottorad/vendor/laravel/framework/src/Illuminate/Pipeline/Pipeline.php(180): Illuminate\\View\\Middleware\\ShareErrorsFromSession->handle()
#14 /home/goysim/public_html/SAE_dev_perso/Laravel/SAE301_TD2_G5/bmwmottorad/vendor/laravel/framework/src/Illuminate/Session/Middleware/StartSession.php(121): Illuminate\\Pipeline\\Pipeline->Illuminate\\Pipeline\\{closure}()
#15 /home/goysim/public_html/SAE_dev_perso/Laravel/SAE301_TD2_G5/bmwmottorad/vendor/laravel/framework/src/Illuminate/Session/Middleware/StartSession.php(64): Illuminate\\Session\\Middleware\\StartSession->handleStatefulRequest()
#16 /home/goysim/public_html/SAE_dev_perso/Laravel/SAE301_TD2_G5/bmwmottorad/vendor/laravel/framework/src/Illuminate/Pipeline/Pipeline.php(180): Illuminate\\Session\\Middleware\\StartSession->handle()
#17 /home/goysim/public_html/SAE_dev_perso/Laravel/SAE301_TD2_G5/bmwmottorad/vendor/laravel/framework/src/Illuminate/Cookie/Middleware/AddQueuedCookiesToResponse.php(37): Illuminate\\Pipeline\\Pipeline->Illuminate\\Pipeline\\{closure}()
#18 /home/goysim/public_html/SAE_dev_perso/Laravel/SAE301_TD2_G5/bmwmottorad/vendor/laravel/framework/src/Illuminate/Pipeline/Pipeline.php(180): Illuminate\\Cookie\\Middleware\\AddQueuedCookiesToResponse->handle()
#19 /home/goysim/public_html/SAE_dev_perso/Laravel/SAE301_TD2_G5/bmwmottorad/vendor/laravel/framework/src/Illuminate/Cookie/Middleware/EncryptCookies.php(67): Illuminate\\Pipeline\\Pipeline->Illuminate\\Pipeline\\{closure}()
#20 /home/goysim/public_html/SAE_dev_perso/Laravel/SAE301_TD2_G5/bmwmottorad/vendor/laravel/framework/src/Illuminate/Pipeline/Pipeline.php(180): Illuminate\\Cookie\\Middleware\\EncryptCookies->handle()
#21 /home/goysim/public_html/SAE_dev_perso/Laravel/SAE301_TD2_G5/bmwmottorad/vendor/laravel/framework/src/Illuminate/Pipeline/Pipeline.php(116): Illuminate\\Pipeline\\Pipeline->Illuminate\\Pipeline\\{closure}()
#22 /home/goysim/public_html/SAE_dev_perso/Laravel/SAE301_TD2_G5/bmwmottorad/vendor/laravel/framework/src/Illuminate/Routing/Router.php(800): Illuminate\\Pipeline\\Pipeline->then()
#23 /home/goysim/public_html/SAE_dev_perso/Laravel/SAE301_TD2_G5/bmwmottorad/vendor/laravel/framework/src/Illuminate/Routing/Router.php(777): Illuminate\\Routing\\Router->runRouteWithinStack()
#24 /home/goysim/public_html/SAE_dev_perso/Laravel/SAE301_TD2_G5/bmwmottorad/vendor/laravel/framework/src/Illuminate/Routing/Router.php(741): Illuminate\\Routing\\Router->runRoute()
#25 /home/goysim/public_html/SAE_dev_perso/Laravel/SAE301_TD2_G5/bmwmottorad/vendor/laravel/framework/src/Illuminate/Routing/Router.php(730): Illuminate\\Routing\\Router->dispatchToRoute()
#26 /home/goysim/public_html/SAE_dev_perso/Laravel/SAE301_TD2_G5/bmwmottorad/vendor/laravel/framework/src/Illuminate/Foundation/Http/Kernel.php(200): Illuminate\\Routing\\Router->dispatch()
#27 /home/goysim/public_html/SAE_dev_perso/Laravel/SAE301_TD2_G5/bmwmottorad/vendor/laravel/framework/src/Illuminate/Pipeline/Pipeline.php(141): Illuminate\\Foundation\\Http\\Kernel->Illuminate\\Foundation\\Http\\{closure}()
#28 /home/goysim/public_html/SAE_dev_perso/Laravel/SAE301_TD2_G5/bmwmottorad/vendor/laravel/framework/src/Illuminate/Foundation/Http/Middleware/TransformsRequest.php(21): Illuminate\\Pipeline\\Pipeline->Illuminate\\Pipeline\\{closure}()
#29 /home/goysim/public_html/SAE_dev_perso/Laravel/SAE301_TD2_G5/bmwmottorad/vendor/laravel/framework/src/Illuminate/Foundation/Http/Middleware/ConvertEmptyStringsToNull.php(31): Illuminate\\Foundation\\Http\\Middleware\\TransformsRequest->handle()
#30 /home/goysim/public_html/SAE_dev_perso/Laravel/SAE301_TD2_G5/bmwmottorad/vendor/laravel/framework/src/Illuminate/Pipeline/Pipeline.php(180): Illuminate\\Foundation\\Http\\Middleware\\ConvertEmptyStringsToNull->handle()
#31 /home/goysim/public_html/SAE_dev_perso/Laravel/SAE301_TD2_G5/bmwmottorad/vendor/laravel/framework/src/Illuminate/Foundation/Http/Middleware/TransformsRequest.php(21): Illuminate\\Pipeline\\Pipeline->Illuminate\\Pipeline\\{closure}()
#32 /home/goysim/public_html/SAE_dev_perso/Laravel/SAE301_TD2_G5/bmwmottorad/vendor/laravel/framework/src/Illuminate/Foundation/Http/Middleware/TrimStrings.php(40): Illuminate\\Foundation\\Http\\Middleware\\TransformsRequest->handle()
#33 /home/goysim/public_html/SAE_dev_perso/Laravel/SAE301_TD2_G5/bmwmottorad/vendor/laravel/framework/src/Illuminate/Pipeline/Pipeline.php(180): Illuminate\\Foundation\\Http\\Middleware\\TrimStrings->handle()
#34 /home/goysim/public_html/SAE_dev_perso/Laravel/SAE301_TD2_G5/bmwmottorad/vendor/laravel/framework/src/Illuminate/Foundation/Http/Middleware/ValidatePostSize.php(27): Illuminate\\Pipeline\\Pipeline->Illuminate\\Pipeline\\{closure}()
#35 /home/goysim/public_html/SAE_dev_perso/Laravel/SAE301_TD2_G5/bmwmottorad/vendor/laravel/framework/src/Illuminate/Pipeline/Pipeline.php(180): Illuminate\\Foundation\\Http\\Middleware\\ValidatePostSize->handle()
#36 /home/goysim/public_html/SAE_dev_perso/Laravel/SAE301_TD2_G5/bmwmottorad/vendor/laravel/framework/src/Illuminate/Foundation/Http/Middleware/PreventRequestsDuringMaintenance.php(99): Illuminate\\Pipeline\\Pipeline->Illuminate\\Pipeline\\{closure}()
#37 /home/goysim/public_html/SAE_dev_perso/Laravel/SAE301_TD2_G5/bmwmottorad/vendor/laravel/framework/src/Illuminate/Pipeline/Pipeline.php(180): Illuminate\\Foundation\\Http\\Middleware\\PreventRequestsDuringMaintenance->handle()
#38 /home/goysim/public_html/SAE_dev_perso/Laravel/SAE301_TD2_G5/bmwmottorad/vendor/laravel/framework/src/Illuminate/Http/Middleware/HandleCors.php(49): Illuminate\\Pipeline\\Pipeline->Illuminate\\Pipeline\\{closure}()
#39 /home/goysim/public_html/SAE_dev_perso/Laravel/SAE301_TD2_G5/bmwmottorad/vendor/laravel/framework/src/Illuminate/Pipeline/Pipeline.php(180): Illuminate\\Http\\Middleware\\HandleCors->handle()
#40 /home/goysim/public_html/SAE_dev_perso/Laravel/SAE301_TD2_G5/bmwmottorad/vendor/laravel/framework/src/Illuminate/Http/Middleware/TrustProxies.php(39): Illuminate\\Pipeline\\Pipeline->Illuminate\\Pipeline\\{closure}()
#41 /home/goysim/public_html/SAE_dev_perso/Laravel/SAE301_TD2_G5/bmwmottorad/vendor/laravel/framework/src/Illuminate/Pipeline/Pipeline.php(180): Illuminate\\Http\\Middleware\\TrustProxies->handle()
#42 /home/goysim/public_html/SAE_dev_perso/Laravel/SAE301_TD2_G5/bmwmottorad/vendor/laravel/framework/src/Illuminate/Pipeline/Pipeline.php(116): Illuminate\\Pipeline\\Pipeline->Illuminate\\Pipeline\\{closure}()
#43 /home/goysim/public_html/SAE_dev_perso/Laravel/SAE301_TD2_G5/bmwmottorad/vendor/laravel/framework/src/Illuminate/Foundation/Http/Kernel.php(175): Illuminate\\Pipeline\\Pipeline->then()
#44 /home/goysim/public_html/SAE_dev_perso/Laravel/SAE301_TD2_G5/bmwmottorad/vendor/laravel/framework/src/Illuminate/Foundation/Http/Kernel.php(144): Illuminate\\Foundation\\Http\\Kernel->sendRequestThroughRouter()
#45 /home/goysim/public_html/SAE_dev_perso/Laravel/SAE301_TD2_G5/bmwmottorad/public/index.php(52): Illuminate\\Foundation\\Http\\Kernel->handle()
#46 {main}
"} 
[2023-11-29 08:36:45] local.ERROR: syntax error, unexpected token "<", expecting end of file {"view":{"view":"/home/goysim/public_html/SAE_dev_perso/Laravel/SAE301_TD2_G5/bmwmottorad/resources/views/pdf/moto-config.blade.php","data":[]},"exception":"[object] (Spatie\\LaravelIgnition\\Exceptions\\ViewException(code: 0): syntax error, unexpected token \"<\", expecting end of file at /home/goysim/public_html/SAE_dev_perso/Laravel/SAE301_TD2_G5/bmwmottorad/resources/views/pdf/moto-config.blade.php:16)
[stacktrace]
#0 /home/goysim/public_html/SAE_dev_perso/Laravel/SAE301_TD2_G5/bmwmottorad/vendor/laravel/framework/src/Illuminate/Filesystem/Filesystem.php(125): Illuminate\\Filesystem\\Filesystem::Illuminate\\Filesystem\\{closure}()
#1 /home/goysim/public_html/SAE_dev_perso/Laravel/SAE301_TD2_G5/bmwmottorad/vendor/laravel/framework/src/Illuminate/View/Engines/PhpEngine.php(58): Illuminate\\Filesystem\\Filesystem->getRequire()
#2 /home/goysim/public_html/SAE_dev_perso/Laravel/SAE301_TD2_G5/bmwmottorad/vendor/laravel/framework/src/Illuminate/View/Engines/CompilerEngine.php(72): Illuminate\\View\\Engines\\PhpEngine->evaluatePath()
#3 /home/goysim/public_html/SAE_dev_perso/Laravel/SAE301_TD2_G5/bmwmottorad/vendor/laravel/framework/src/Illuminate/View/View.php(207): Illuminate\\View\\Engines\\CompilerEngine->get()
#4 /home/goysim/public_html/SAE_dev_perso/Laravel/SAE301_TD2_G5/bmwmottorad/vendor/laravel/framework/src/Illuminate/View/View.php(190): Illuminate\\View\\View->getContents()
#5 /home/goysim/public_html/SAE_dev_perso/Laravel/SAE301_TD2_G5/bmwmottorad/vendor/laravel/framework/src/Illuminate/View/View.php(159): Illuminate\\View\\View->renderContents()
#6 /home/goysim/public_html/SAE_dev_perso/Laravel/SAE301_TD2_G5/bmwmottorad/vendor/barryvdh/laravel-dompdf/src/PDF.php(125): Illuminate\\View\\View->render()
#7 /home/goysim/public_html/SAE_dev_perso/Laravel/SAE301_TD2_G5/bmwmottorad/vendor/barryvdh/laravel-dompdf/src/Facade/Pdf.php(56): Barryvdh\\DomPDF\\PDF->loadView()
#8 /home/goysim/public_html/SAE_dev_perso/Laravel/SAE301_TD2_G5/bmwmottorad/app/Http/Controllers/PDFController.php(48): Barryvdh\\DomPDF\\Facade\\Pdf::__callStatic()
#9 /home/goysim/public_html/SAE_dev_perso/Laravel/SAE301_TD2_G5/bmwmottorad/vendor/laravel/framework/src/Illuminate/Routing/Controller.php(54): App\\Http\\Controllers\\PDFController->generatePdf()
#10 /home/goysim/public_html/SAE_dev_perso/Laravel/SAE301_TD2_G5/bmwmottorad/vendor/laravel/framework/src/Illuminate/Routing/ControllerDispatcher.php(43): Illuminate\\Routing\\Controller->callAction()
#11 /home/goysim/public_html/SAE_dev_perso/Laravel/SAE301_TD2_G5/bmwmottorad/vendor/laravel/framework/src/Illuminate/Routing/Route.php(260): Illuminate\\Routing\\ControllerDispatcher->dispatch()
#12 /home/goysim/public_html/SAE_dev_perso/Laravel/SAE301_TD2_G5/bmwmottorad/vendor/laravel/framework/src/Illuminate/Routing/Route.php(205): Illuminate\\Routing\\Route->runController()
#13 /home/goysim/public_html/SAE_dev_perso/Laravel/SAE301_TD2_G5/bmwmottorad/vendor/laravel/framework/src/Illuminate/Routing/Router.php(799): Illuminate\\Routing\\Route->run()
#14 /home/goysim/public_html/SAE_dev_perso/Laravel/SAE301_TD2_G5/bmwmottorad/vendor/laravel/framework/src/Illuminate/Pipeline/Pipeline.php(141): Illuminate\\Routing\\Router->Illuminate\\Routing\\{closure}()
#15 /home/goysim/public_html/SAE_dev_perso/Laravel/SAE301_TD2_G5/bmwmottorad/vendor/laravel/framework/src/Illuminate/Routing/Middleware/SubstituteBindings.php(50): Illuminate\\Pipeline\\Pipeline->Illuminate\\Pipeline\\{closure}()
#16 /home/goysim/public_html/SAE_dev_perso/Laravel/SAE301_TD2_G5/bmwmottorad/vendor/laravel/framework/src/Illuminate/Pipeline/Pipeline.php(180): Illuminate\\Routing\\Middleware\\SubstituteBindings->handle()
#17 /home/goysim/public_html/SAE_dev_perso/Laravel/SAE301_TD2_G5/bmwmottorad/vendor/laravel/framework/src/Illuminate/Foundation/Http/Middleware/VerifyCsrfToken.php(78): Illuminate\\Pipeline\\Pipeline->Illuminate\\Pipeline\\{closure}()
#18 /home/goysim/public_html/SAE_dev_perso/Laravel/SAE301_TD2_G5/bmwmottorad/vendor/laravel/framework/src/Illuminate/Pipeline/Pipeline.php(180): Illuminate\\Foundation\\Http\\Middleware\\VerifyCsrfToken->handle()
#19 /home/goysim/public_html/SAE_dev_perso/Laravel/SAE301_TD2_G5/bmwmottorad/vendor/laravel/framework/src/Illuminate/View/Middleware/ShareErrorsFromSession.php(49): Illuminate\\Pipeline\\Pipeline->Illuminate\\Pipeline\\{closure}()
#20 /home/goysim/public_html/SAE_dev_perso/Laravel/SAE301_TD2_G5/bmwmottorad/vendor/laravel/framework/src/Illuminate/Pipeline/Pipeline.php(180): Illuminate\\View\\Middleware\\ShareErrorsFromSession->handle()
#21 /home/goysim/public_html/SAE_dev_perso/Laravel/SAE301_TD2_G5/bmwmottorad/vendor/laravel/framework/src/Illuminate/Session/Middleware/StartSession.php(121): Illuminate\\Pipeline\\Pipeline->Illuminate\\Pipeline\\{closure}()
#22 /home/goysim/public_html/SAE_dev_perso/Laravel/SAE301_TD2_G5/bmwmottorad/vendor/laravel/framework/src/Illuminate/Session/Middleware/StartSession.php(64): Illuminate\\Session\\Middleware\\StartSession->handleStatefulRequest()
#23 /home/goysim/public_html/SAE_dev_perso/Laravel/SAE301_TD2_G5/bmwmottorad/vendor/laravel/framework/src/Illuminate/Pipeline/Pipeline.php(180): Illuminate\\Session\\Middleware\\StartSession->handle()
#24 /home/goysim/public_html/SAE_dev_perso/Laravel/SAE301_TD2_G5/bmwmottorad/vendor/laravel/framework/src/Illuminate/Cookie/Middleware/AddQueuedCookiesToResponse.php(37): Illuminate\\Pipeline\\Pipeline->Illuminate\\Pipeline\\{closure}()
#25 /home/goysim/public_html/SAE_dev_perso/Laravel/SAE301_TD2_G5/bmwmottorad/vendor/laravel/framework/src/Illuminate/Pipeline/Pipeline.php(180): Illuminate\\Cookie\\Middleware\\AddQueuedCookiesToResponse->handle()
#26 /home/goysim/public_html/SAE_dev_perso/Laravel/SAE301_TD2_G5/bmwmottorad/vendor/laravel/framework/src/Illuminate/Cookie/Middleware/EncryptCookies.php(67): Illuminate\\Pipeline\\Pipeline->Illuminate\\Pipeline\\{closure}()
#27 /home/goysim/public_html/SAE_dev_perso/Laravel/SAE301_TD2_G5/bmwmottorad/vendor/laravel/framework/src/Illuminate/Pipeline/Pipeline.php(180): Illuminate\\Cookie\\Middleware\\EncryptCookies->handle()
#28 /home/goysim/public_html/SAE_dev_perso/Laravel/SAE301_TD2_G5/bmwmottorad/vendor/laravel/framework/src/Illuminate/Pipeline/Pipeline.php(116): Illuminate\\Pipeline\\Pipeline->Illuminate\\Pipeline\\{closure}()
#29 /home/goysim/public_html/SAE_dev_perso/Laravel/SAE301_TD2_G5/bmwmottorad/vendor/laravel/framework/src/Illuminate/Routing/Router.php(800): Illuminate\\Pipeline\\Pipeline->then()
#30 /home/goysim/public_html/SAE_dev_perso/Laravel/SAE301_TD2_G5/bmwmottorad/vendor/laravel/framework/src/Illuminate/Routing/Router.php(777): Illuminate\\Routing\\Router->runRouteWithinStack()
#31 /home/goysim/public_html/SAE_dev_perso/Laravel/SAE301_TD2_G5/bmwmottorad/vendor/laravel/framework/src/Illuminate/Routing/Router.php(741): Illuminate\\Routing\\Router->runRoute()
#32 /home/goysim/public_html/SAE_dev_perso/Laravel/SAE301_TD2_G5/bmwmottorad/vendor/laravel/framework/src/Illuminate/Routing/Router.php(730): Illuminate\\Routing\\Router->dispatchToRoute()
#33 /home/goysim/public_html/SAE_dev_perso/Laravel/SAE301_TD2_G5/bmwmottorad/vendor/laravel/framework/src/Illuminate/Foundation/Http/Kernel.php(200): Illuminate\\Routing\\Router->dispatch()
#34 /home/goysim/public_html/SAE_dev_perso/Laravel/SAE301_TD2_G5/bmwmottorad/vendor/laravel/framework/src/Illuminate/Pipeline/Pipeline.php(141): Illuminate\\Foundation\\Http\\Kernel->Illuminate\\Foundation\\Http\\{closure}()
#35 /home/goysim/public_html/SAE_dev_perso/Laravel/SAE301_TD2_G5/bmwmottorad/vendor/laravel/framework/src/Illuminate/Foundation/Http/Middleware/TransformsRequest.php(21): Illuminate\\Pipeline\\Pipeline->Illuminate\\Pipeline\\{closure}()
#36 /home/goysim/public_html/SAE_dev_perso/Laravel/SAE301_TD2_G5/bmwmottorad/vendor/laravel/framework/src/Illuminate/Foundation/Http/Middleware/ConvertEmptyStringsToNull.php(31): Illuminate\\Foundation\\Http\\Middleware\\TransformsRequest->handle()
#37 /home/goysim/public_html/SAE_dev_perso/Laravel/SAE301_TD2_G5/bmwmottorad/vendor/laravel/framework/src/Illuminate/Pipeline/Pipeline.php(180): Illuminate\\Foundation\\Http\\Middleware\\ConvertEmptyStringsToNull->handle()
#38 /home/goysim/public_html/SAE_dev_perso/Laravel/SAE301_TD2_G5/bmwmottorad/vendor/laravel/framework/src/Illuminate/Foundation/Http/Middleware/TransformsRequest.php(21): Illuminate\\Pipeline\\Pipeline->Illuminate\\Pipeline\\{closure}()
#39 /home/goysim/public_html/SAE_dev_perso/Laravel/SAE301_TD2_G5/bmwmottorad/vendor/laravel/framework/src/Illuminate/Foundation/Http/Middleware/TrimStrings.php(40): Illuminate\\Foundation\\Http\\Middleware\\TransformsRequest->handle()
#40 /home/goysim/public_html/SAE_dev_perso/Laravel/SAE301_TD2_G5/bmwmottorad/vendor/laravel/framework/src/Illuminate/Pipeline/Pipeline.php(180): Illuminate\\Foundation\\Http\\Middleware\\TrimStrings->handle()
#41 /home/goysim/public_html/SAE_dev_perso/Laravel/SAE301_TD2_G5/bmwmottorad/vendor/laravel/framework/src/Illuminate/Foundation/Http/Middleware/ValidatePostSize.php(27): Illuminate\\Pipeline\\Pipeline->Illuminate\\Pipeline\\{closure}()
#42 /home/goysim/public_html/SAE_dev_perso/Laravel/SAE301_TD2_G5/bmwmottorad/vendor/laravel/framework/src/Illuminate/Pipeline/Pipeline.php(180): Illuminate\\Foundation\\Http\\Middleware\\ValidatePostSize->handle()
#43 /home/goysim/public_html/SAE_dev_perso/Laravel/SAE301_TD2_G5/bmwmottorad/vendor/laravel/framework/src/Illuminate/Foundation/Http/Middleware/PreventRequestsDuringMaintenance.php(99): Illuminate\\Pipeline\\Pipeline->Illuminate\\Pipeline\\{closure}()
#44 /home/goysim/public_html/SAE_dev_perso/Laravel/SAE301_TD2_G5/bmwmottorad/vendor/laravel/framework/src/Illuminate/Pipeline/Pipeline.php(180): Illuminate\\Foundation\\Http\\Middleware\\PreventRequestsDuringMaintenance->handle()
#45 /home/goysim/public_html/SAE_dev_perso/Laravel/SAE301_TD2_G5/bmwmottorad/vendor/laravel/framework/src/Illuminate/Http/Middleware/HandleCors.php(49): Illuminate\\Pipeline\\Pipeline->Illuminate\\Pipeline\\{closure}()
#46 /home/goysim/public_html/SAE_dev_perso/Laravel/SAE301_TD2_G5/bmwmottorad/vendor/laravel/framework/src/Illuminate/Pipeline/Pipeline.php(180): Illuminate\\Http\\Middleware\\HandleCors->handle()
#47 /home/goysim/public_html/SAE_dev_perso/Laravel/SAE301_TD2_G5/bmwmottorad/vendor/laravel/framework/src/Illuminate/Http/Middleware/TrustProxies.php(39): Illuminate\\Pipeline\\Pipeline->Illuminate\\Pipeline\\{closure}()
#48 /home/goysim/public_html/SAE_dev_perso/Laravel/SAE301_TD2_G5/bmwmottorad/vendor/laravel/framework/src/Illuminate/Pipeline/Pipeline.php(180): Illuminate\\Http\\Middleware\\TrustProxies->handle()
#49 /home/goysim/public_html/SAE_dev_perso/Laravel/SAE301_TD2_G5/bmwmottorad/vendor/laravel/framework/src/Illuminate/Pipeline/Pipeline.php(116): Illuminate\\Pipeline\\Pipeline->Illuminate\\Pipeline\\{closure}()
#50 /home/goysim/public_html/SAE_dev_perso/Laravel/SAE301_TD2_G5/bmwmottorad/vendor/laravel/framework/src/Illuminate/Foundation/Http/Kernel.php(175): Illuminate\\Pipeline\\Pipeline->then()
#51 /home/goysim/public_html/SAE_dev_perso/Laravel/SAE301_TD2_G5/bmwmottorad/vendor/laravel/framework/src/Illuminate/Foundation/Http/Kernel.php(144): Illuminate\\Foundation\\Http\\Kernel->sendRequestThroughRouter()
#52 /home/goysim/public_html/SAE_dev_perso/Laravel/SAE301_TD2_G5/bmwmottorad/public/index.php(52): Illuminate\\Foundation\\Http\\Kernel->handle()
#53 {main}

[previous exception] [object] (ParseError(code: 0): syntax error, unexpected token \"<\", expecting end of file at /home/goysim/public_html/SAE_dev_perso/Laravel/SAE301_TD2_G5/bmwmottorad/storage/framework/views/bced363484ad4ef1f677a6a0d0761f68.php:16)
[stacktrace]
#0 /home/goysim/public_html/SAE_dev_perso/Laravel/SAE301_TD2_G5/bmwmottorad/vendor/laravel/framework/src/Illuminate/Filesystem/Filesystem.php(125): Illuminate\\Filesystem\\Filesystem::Illuminate\\Filesystem\\{closure}()
#1 /home/goysim/public_html/SAE_dev_perso/Laravel/SAE301_TD2_G5/bmwmottorad/vendor/laravel/framework/src/Illuminate/View/Engines/PhpEngine.php(58): Illuminate\\Filesystem\\Filesystem->getRequire()
#2 /home/goysim/public_html/SAE_dev_perso/Laravel/SAE301_TD2_G5/bmwmottorad/vendor/laravel/framework/src/Illuminate/View/Engines/CompilerEngine.php(72): Illuminate\\View\\Engines\\PhpEngine->evaluatePath()
#3 /home/goysim/public_html/SAE_dev_perso/Laravel/SAE301_TD2_G5/bmwmottorad/vendor/laravel/framework/src/Illuminate/View/View.php(207): Illuminate\\View\\Engines\\CompilerEngine->get()
#4 /home/goysim/public_html/SAE_dev_perso/Laravel/SAE301_TD2_G5/bmwmottorad/vendor/laravel/framework/src/Illuminate/View/View.php(190): Illuminate\\View\\View->getContents()
#5 /home/goysim/public_html/SAE_dev_perso/Laravel/SAE301_TD2_G5/bmwmottorad/vendor/laravel/framework/src/Illuminate/View/View.php(159): Illuminate\\View\\View->renderContents()
#6 /home/goysim/public_html/SAE_dev_perso/Laravel/SAE301_TD2_G5/bmwmottorad/vendor/barryvdh/laravel-dompdf/src/PDF.php(125): Illuminate\\View\\View->render()
#7 /home/goysim/public_html/SAE_dev_perso/Laravel/SAE301_TD2_G5/bmwmottorad/vendor/barryvdh/laravel-dompdf/src/Facade/Pdf.php(56): Barryvdh\\DomPDF\\PDF->loadView()
#8 /home/goysim/public_html/SAE_dev_perso/Laravel/SAE301_TD2_G5/bmwmottorad/app/Http/Controllers/PDFController.php(48): Barryvdh\\DomPDF\\Facade\\Pdf::__callStatic()
#9 /home/goysim/public_html/SAE_dev_perso/Laravel/SAE301_TD2_G5/bmwmottorad/vendor/laravel/framework/src/Illuminate/Routing/Controller.php(54): App\\Http\\Controllers\\PDFController->generatePdf()
#10 /home/goysim/public_html/SAE_dev_perso/Laravel/SAE301_TD2_G5/bmwmottorad/vendor/laravel/framework/src/Illuminate/Routing/ControllerDispatcher.php(43): Illuminate\\Routing\\Controller->callAction()
#11 /home/goysim/public_html/SAE_dev_perso/Laravel/SAE301_TD2_G5/bmwmottorad/vendor/laravel/framework/src/Illuminate/Routing/Route.php(260): Illuminate\\Routing\\ControllerDispatcher->dispatch()
#12 /home/goysim/public_html/SAE_dev_perso/Laravel/SAE301_TD2_G5/bmwmottorad/vendor/laravel/framework/src/Illuminate/Routing/Route.php(205): Illuminate\\Routing\\Route->runController()
#13 /home/goysim/public_html/SAE_dev_perso/Laravel/SAE301_TD2_G5/bmwmottorad/vendor/laravel/framework/src/Illuminate/Routing/Router.php(799): Illuminate\\Routing\\Route->run()
#14 /home/goysim/public_html/SAE_dev_perso/Laravel/SAE301_TD2_G5/bmwmottorad/vendor/laravel/framework/src/Illuminate/Pipeline/Pipeline.php(141): Illuminate\\Routing\\Router->Illuminate\\Routing\\{closure}()
#15 /home/goysim/public_html/SAE_dev_perso/Laravel/SAE301_TD2_G5/bmwmottorad/vendor/laravel/framework/src/Illuminate/Routing/Middleware/SubstituteBindings.php(50): Illuminate\\Pipeline\\Pipeline->Illuminate\\Pipeline\\{closure}()
#16 /home/goysim/public_html/SAE_dev_perso/Laravel/SAE301_TD2_G5/bmwmottorad/vendor/laravel/framework/src/Illuminate/Pipeline/Pipeline.php(180): Illuminate\\Routing\\Middleware\\SubstituteBindings->handle()
#17 /home/goysim/public_html/SAE_dev_perso/Laravel/SAE301_TD2_G5/bmwmottorad/vendor/laravel/framework/src/Illuminate/Foundation/Http/Middleware/VerifyCsrfToken.php(78): Illuminate\\Pipeline\\Pipeline->Illuminate\\Pipeline\\{closure}()
#18 /home/goysim/public_html/SAE_dev_perso/Laravel/SAE301_TD2_G5/bmwmottorad/vendor/laravel/framework/src/Illuminate/Pipeline/Pipeline.php(180): Illuminate\\Foundation\\Http\\Middleware\\VerifyCsrfToken->handle()
#19 /home/goysim/public_html/SAE_dev_perso/Laravel/SAE301_TD2_G5/bmwmottorad/vendor/laravel/framework/src/Illuminate/View/Middleware/ShareErrorsFromSession.php(49): Illuminate\\Pipeline\\Pipeline->Illuminate\\Pipeline\\{closure}()
#20 /home/goysim/public_html/SAE_dev_perso/Laravel/SAE301_TD2_G5/bmwmottorad/vendor/laravel/framework/src/Illuminate/Pipeline/Pipeline.php(180): Illuminate\\View\\Middleware\\ShareErrorsFromSession->handle()
#21 /home/goysim/public_html/SAE_dev_perso/Laravel/SAE301_TD2_G5/bmwmottorad/vendor/laravel/framework/src/Illuminate/Session/Middleware/StartSession.php(121): Illuminate\\Pipeline\\Pipeline->Illuminate\\Pipeline\\{closure}()
#22 /home/goysim/public_html/SAE_dev_perso/Laravel/SAE301_TD2_G5/bmwmottorad/vendor/laravel/framework/src/Illuminate/Session/Middleware/StartSession.php(64): Illuminate\\Session\\Middleware\\StartSession->handleStatefulRequest()
#23 /home/goysim/public_html/SAE_dev_perso/Laravel/SAE301_TD2_G5/bmwmottorad/vendor/laravel/framework/src/Illuminate/Pipeline/Pipeline.php(180): Illuminate\\Session\\Middleware\\StartSession->handle()
#24 /home/goysim/public_html/SAE_dev_perso/Laravel/SAE301_TD2_G5/bmwmottorad/vendor/laravel/framework/src/Illuminate/Cookie/Middleware/AddQueuedCookiesToResponse.php(37): Illuminate\\Pipeline\\Pipeline->Illuminate\\Pipeline\\{closure}()
#25 /home/goysim/public_html/SAE_dev_perso/Laravel/SAE301_TD2_G5/bmwmottorad/vendor/laravel/framework/src/Illuminate/Pipeline/Pipeline.php(180): Illuminate\\Cookie\\Middleware\\AddQueuedCookiesToResponse->handle()
#26 /home/goysim/public_html/SAE_dev_perso/Laravel/SAE301_TD2_G5/bmwmottorad/vendor/laravel/framework/src/Illuminate/Cookie/Middleware/EncryptCookies.php(67): Illuminate\\Pipeline\\Pipeline->Illuminate\\Pipeline\\{closure}()
#27 /home/goysim/public_html/SAE_dev_perso/Laravel/SAE301_TD2_G5/bmwmottorad/vendor/laravel/framework/src/Illuminate/Pipeline/Pipeline.php(180): Illuminate\\Cookie\\Middleware\\EncryptCookies->handle()
#28 /home/goysim/public_html/SAE_dev_perso/Laravel/SAE301_TD2_G5/bmwmottorad/vendor/laravel/framework/src/Illuminate/Pipeline/Pipeline.php(116): Illuminate\\Pipeline\\Pipeline->Illuminate\\Pipeline\\{closure}()
#29 /home/goysim/public_html/SAE_dev_perso/Laravel/SAE301_TD2_G5/bmwmottorad/vendor/laravel/framework/src/Illuminate/Routing/Router.php(800): Illuminate\\Pipeline\\Pipeline->then()
#30 /home/goysim/public_html/SAE_dev_perso/Laravel/SAE301_TD2_G5/bmwmottorad/vendor/laravel/framework/src/Illuminate/Routing/Router.php(777): Illuminate\\Routing\\Router->runRouteWithinStack()
#31 /home/goysim/public_html/SAE_dev_perso/Laravel/SAE301_TD2_G5/bmwmottorad/vendor/laravel/framework/src/Illuminate/Routing/Router.php(741): Illuminate\\Routing\\Router->runRoute()
#32 /home/goysim/public_html/SAE_dev_perso/Laravel/SAE301_TD2_G5/bmwmottorad/vendor/laravel/framework/src/Illuminate/Routing/Router.php(730): Illuminate\\Routing\\Router->dispatchToRoute()
#33 /home/goysim/public_html/SAE_dev_perso/Laravel/SAE301_TD2_G5/bmwmottorad/vendor/laravel/framework/src/Illuminate/Foundation/Http/Kernel.php(200): Illuminate\\Routing\\Router->dispatch()
#34 /home/goysim/public_html/SAE_dev_perso/Laravel/SAE301_TD2_G5/bmwmottorad/vendor/laravel/framework/src/Illuminate/Pipeline/Pipeline.php(141): Illuminate\\Foundation\\Http\\Kernel->Illuminate\\Foundation\\Http\\{closure}()
#35 /home/goysim/public_html/SAE_dev_perso/Laravel/SAE301_TD2_G5/bmwmottorad/vendor/laravel/framework/src/Illuminate/Foundation/Http/Middleware/TransformsRequest.php(21): Illuminate\\Pipeline\\Pipeline->Illuminate\\Pipeline\\{closure}()
#36 /home/goysim/public_html/SAE_dev_perso/Laravel/SAE301_TD2_G5/bmwmottorad/vendor/laravel/framework/src/Illuminate/Foundation/Http/Middleware/ConvertEmptyStringsToNull.php(31): Illuminate\\Foundation\\Http\\Middleware\\TransformsRequest->handle()
#37 /home/goysim/public_html/SAE_dev_perso/Laravel/SAE301_TD2_G5/bmwmottorad/vendor/laravel/framework/src/Illuminate/Pipeline/Pipeline.php(180): Illuminate\\Foundation\\Http\\Middleware\\ConvertEmptyStringsToNull->handle()
#38 /home/goysim/public_html/SAE_dev_perso/Laravel/SAE301_TD2_G5/bmwmottorad/vendor/laravel/framework/src/Illuminate/Foundation/Http/Middleware/TransformsRequest.php(21): Illuminate\\Pipeline\\Pipeline->Illuminate\\Pipeline\\{closure}()
#39 /home/goysim/public_html/SAE_dev_perso/Laravel/SAE301_TD2_G5/bmwmottorad/vendor/laravel/framework/src/Illuminate/Foundation/Http/Middleware/TrimStrings.php(40): Illuminate\\Foundation\\Http\\Middleware\\TransformsRequest->handle()
#40 /home/goysim/public_html/SAE_dev_perso/Laravel/SAE301_TD2_G5/bmwmottorad/vendor/laravel/framework/src/Illuminate/Pipeline/Pipeline.php(180): Illuminate\\Foundation\\Http\\Middleware\\TrimStrings->handle()
#41 /home/goysim/public_html/SAE_dev_perso/Laravel/SAE301_TD2_G5/bmwmottorad/vendor/laravel/framework/src/Illuminate/Foundation/Http/Middleware/ValidatePostSize.php(27): Illuminate\\Pipeline\\Pipeline->Illuminate\\Pipeline\\{closure}()
#42 /home/goysim/public_html/SAE_dev_perso/Laravel/SAE301_TD2_G5/bmwmottorad/vendor/laravel/framework/src/Illuminate/Pipeline/Pipeline.php(180): Illuminate\\Foundation\\Http\\Middleware\\ValidatePostSize->handle()
#43 /home/goysim/public_html/SAE_dev_perso/Laravel/SAE301_TD2_G5/bmwmottorad/vendor/laravel/framework/src/Illuminate/Foundation/Http/Middleware/PreventRequestsDuringMaintenance.php(99): Illuminate\\Pipeline\\Pipeline->Illuminate\\Pipeline\\{closure}()
#44 /home/goysim/public_html/SAE_dev_perso/Laravel/SAE301_TD2_G5/bmwmottorad/vendor/laravel/framework/src/Illuminate/Pipeline/Pipeline.php(180): Illuminate\\Foundation\\Http\\Middleware\\PreventRequestsDuringMaintenance->handle()
#45 /home/goysim/public_html/SAE_dev_perso/Laravel/SAE301_TD2_G5/bmwmottorad/vendor/laravel/framework/src/Illuminate/Http/Middleware/HandleCors.php(49): Illuminate\\Pipeline\\Pipeline->Illuminate\\Pipeline\\{closure}()
#46 /home/goysim/public_html/SAE_dev_perso/Laravel/SAE301_TD2_G5/bmwmottorad/vendor/laravel/framework/src/Illuminate/Pipeline/Pipeline.php(180): Illuminate\\Http\\Middleware\\HandleCors->handle()
#47 /home/goysim/public_html/SAE_dev_perso/Laravel/SAE301_TD2_G5/bmwmottorad/vendor/laravel/framework/src/Illuminate/Http/Middleware/TrustProxies.php(39): Illuminate\\Pipeline\\Pipeline->Illuminate\\Pipeline\\{closure}()
#48 /home/goysim/public_html/SAE_dev_perso/Laravel/SAE301_TD2_G5/bmwmottorad/vendor/laravel/framework/src/Illuminate/Pipeline/Pipeline.php(180): Illuminate\\Http\\Middleware\\TrustProxies->handle()
#49 /home/goysim/public_html/SAE_dev_perso/Laravel/SAE301_TD2_G5/bmwmottorad/vendor/laravel/framework/src/Illuminate/Pipeline/Pipeline.php(116): Illuminate\\Pipeline\\Pipeline->Illuminate\\Pipeline\\{closure}()
#50 /home/goysim/public_html/SAE_dev_perso/Laravel/SAE301_TD2_G5/bmwmottorad/vendor/laravel/framework/src/Illuminate/Foundation/Http/Kernel.php(175): Illuminate\\Pipeline\\Pipeline->then()
#51 /home/goysim/public_html/SAE_dev_perso/Laravel/SAE301_TD2_G5/bmwmottorad/vendor/laravel/framework/src/Illuminate/Foundation/Http/Kernel.php(144): Illuminate\\Foundation\\Http\\Kernel->sendRequestThroughRouter()
#52 /home/goysim/public_html/SAE_dev_perso/Laravel/SAE301_TD2_G5/bmwmottorad/public/index.php(52): Illuminate\\Foundation\\Http\\Kernel->handle()
#53 {main}
"} 
[2023-11-29 08:40:33] local.ERROR: syntax error, unexpected token "<", expecting end of file {"view":{"view":"/home/goysim/public_html/SAE_dev_perso/Laravel/SAE301_TD2_G5/bmwmottorad/resources/views/pdf/moto-config.blade.php","data":[]},"exception":"[object] (Spatie\\LaravelIgnition\\Exceptions\\ViewException(code: 0): syntax error, unexpected token \"<\", expecting end of file at /home/goysim/public_html/SAE_dev_perso/Laravel/SAE301_TD2_G5/bmwmottorad/resources/views/pdf/moto-config.blade.php:16)
[stacktrace]
#0 /home/goysim/public_html/SAE_dev_perso/Laravel/SAE301_TD2_G5/bmwmottorad/vendor/laravel/framework/src/Illuminate/Filesystem/Filesystem.php(125): Illuminate\\Filesystem\\Filesystem::Illuminate\\Filesystem\\{closure}()
#1 /home/goysim/public_html/SAE_dev_perso/Laravel/SAE301_TD2_G5/bmwmottorad/vendor/laravel/framework/src/Illuminate/View/Engines/PhpEngine.php(58): Illuminate\\Filesystem\\Filesystem->getRequire()
#2 /home/goysim/public_html/SAE_dev_perso/Laravel/SAE301_TD2_G5/bmwmottorad/vendor/laravel/framework/src/Illuminate/View/Engines/CompilerEngine.php(72): Illuminate\\View\\Engines\\PhpEngine->evaluatePath()
#3 /home/goysim/public_html/SAE_dev_perso/Laravel/SAE301_TD2_G5/bmwmottorad/vendor/laravel/framework/src/Illuminate/View/View.php(207): Illuminate\\View\\Engines\\CompilerEngine->get()
#4 /home/goysim/public_html/SAE_dev_perso/Laravel/SAE301_TD2_G5/bmwmottorad/vendor/laravel/framework/src/Illuminate/View/View.php(190): Illuminate\\View\\View->getContents()
#5 /home/goysim/public_html/SAE_dev_perso/Laravel/SAE301_TD2_G5/bmwmottorad/vendor/laravel/framework/src/Illuminate/View/View.php(159): Illuminate\\View\\View->renderContents()
#6 /home/goysim/public_html/SAE_dev_perso/Laravel/SAE301_TD2_G5/bmwmottorad/vendor/barryvdh/laravel-dompdf/src/PDF.php(125): Illuminate\\View\\View->render()
#7 /home/goysim/public_html/SAE_dev_perso/Laravel/SAE301_TD2_G5/bmwmottorad/vendor/barryvdh/laravel-dompdf/src/Facade/Pdf.php(56): Barryvdh\\DomPDF\\PDF->loadView()
#8 /home/goysim/public_html/SAE_dev_perso/Laravel/SAE301_TD2_G5/bmwmottorad/app/Http/Controllers/PDFController.php(50): Barryvdh\\DomPDF\\Facade\\Pdf::__callStatic()
#9 /home/goysim/public_html/SAE_dev_perso/Laravel/SAE301_TD2_G5/bmwmottorad/vendor/laravel/framework/src/Illuminate/Routing/Controller.php(54): App\\Http\\Controllers\\PDFController->generatePdf()
#10 /home/goysim/public_html/SAE_dev_perso/Laravel/SAE301_TD2_G5/bmwmottorad/vendor/laravel/framework/src/Illuminate/Routing/ControllerDispatcher.php(43): Illuminate\\Routing\\Controller->callAction()
#11 /home/goysim/public_html/SAE_dev_perso/Laravel/SAE301_TD2_G5/bmwmottorad/vendor/laravel/framework/src/Illuminate/Routing/Route.php(260): Illuminate\\Routing\\ControllerDispatcher->dispatch()
#12 /home/goysim/public_html/SAE_dev_perso/Laravel/SAE301_TD2_G5/bmwmottorad/vendor/laravel/framework/src/Illuminate/Routing/Route.php(205): Illuminate\\Routing\\Route->runController()
#13 /home/goysim/public_html/SAE_dev_perso/Laravel/SAE301_TD2_G5/bmwmottorad/vendor/laravel/framework/src/Illuminate/Routing/Router.php(799): Illuminate\\Routing\\Route->run()
#14 /home/goysim/public_html/SAE_dev_perso/Laravel/SAE301_TD2_G5/bmwmottorad/vendor/laravel/framework/src/Illuminate/Pipeline/Pipeline.php(141): Illuminate\\Routing\\Router->Illuminate\\Routing\\{closure}()
#15 /home/goysim/public_html/SAE_dev_perso/Laravel/SAE301_TD2_G5/bmwmottorad/vendor/laravel/framework/src/Illuminate/Routing/Middleware/SubstituteBindings.php(50): Illuminate\\Pipeline\\Pipeline->Illuminate\\Pipeline\\{closure}()
#16 /home/goysim/public_html/SAE_dev_perso/Laravel/SAE301_TD2_G5/bmwmottorad/vendor/laravel/framework/src/Illuminate/Pipeline/Pipeline.php(180): Illuminate\\Routing\\Middleware\\SubstituteBindings->handle()
#17 /home/goysim/public_html/SAE_dev_perso/Laravel/SAE301_TD2_G5/bmwmottorad/vendor/laravel/framework/src/Illuminate/Foundation/Http/Middleware/VerifyCsrfToken.php(78): Illuminate\\Pipeline\\Pipeline->Illuminate\\Pipeline\\{closure}()
#18 /home/goysim/public_html/SAE_dev_perso/Laravel/SAE301_TD2_G5/bmwmottorad/vendor/laravel/framework/src/Illuminate/Pipeline/Pipeline.php(180): Illuminate\\Foundation\\Http\\Middleware\\VerifyCsrfToken->handle()
#19 /home/goysim/public_html/SAE_dev_perso/Laravel/SAE301_TD2_G5/bmwmottorad/vendor/laravel/framework/src/Illuminate/View/Middleware/ShareErrorsFromSession.php(49): Illuminate\\Pipeline\\Pipeline->Illuminate\\Pipeline\\{closure}()
#20 /home/goysim/public_html/SAE_dev_perso/Laravel/SAE301_TD2_G5/bmwmottorad/vendor/laravel/framework/src/Illuminate/Pipeline/Pipeline.php(180): Illuminate\\View\\Middleware\\ShareErrorsFromSession->handle()
#21 /home/goysim/public_html/SAE_dev_perso/Laravel/SAE301_TD2_G5/bmwmottorad/vendor/laravel/framework/src/Illuminate/Session/Middleware/StartSession.php(121): Illuminate\\Pipeline\\Pipeline->Illuminate\\Pipeline\\{closure}()
#22 /home/goysim/public_html/SAE_dev_perso/Laravel/SAE301_TD2_G5/bmwmottorad/vendor/laravel/framework/src/Illuminate/Session/Middleware/StartSession.php(64): Illuminate\\Session\\Middleware\\StartSession->handleStatefulRequest()
#23 /home/goysim/public_html/SAE_dev_perso/Laravel/SAE301_TD2_G5/bmwmottorad/vendor/laravel/framework/src/Illuminate/Pipeline/Pipeline.php(180): Illuminate\\Session\\Middleware\\StartSession->handle()
#24 /home/goysim/public_html/SAE_dev_perso/Laravel/SAE301_TD2_G5/bmwmottorad/vendor/laravel/framework/src/Illuminate/Cookie/Middleware/AddQueuedCookiesToResponse.php(37): Illuminate\\Pipeline\\Pipeline->Illuminate\\Pipeline\\{closure}()
#25 /home/goysim/public_html/SAE_dev_perso/Laravel/SAE301_TD2_G5/bmwmottorad/vendor/laravel/framework/src/Illuminate/Pipeline/Pipeline.php(180): Illuminate\\Cookie\\Middleware\\AddQueuedCookiesToResponse->handle()
#26 /home/goysim/public_html/SAE_dev_perso/Laravel/SAE301_TD2_G5/bmwmottorad/vendor/laravel/framework/src/Illuminate/Cookie/Middleware/EncryptCookies.php(67): Illuminate\\Pipeline\\Pipeline->Illuminate\\Pipeline\\{closure}()
#27 /home/goysim/public_html/SAE_dev_perso/Laravel/SAE301_TD2_G5/bmwmottorad/vendor/laravel/framework/src/Illuminate/Pipeline/Pipeline.php(180): Illuminate\\Cookie\\Middleware\\EncryptCookies->handle()
#28 /home/goysim/public_html/SAE_dev_perso/Laravel/SAE301_TD2_G5/bmwmottorad/vendor/laravel/framework/src/Illuminate/Pipeline/Pipeline.php(116): Illuminate\\Pipeline\\Pipeline->Illuminate\\Pipeline\\{closure}()
#29 /home/goysim/public_html/SAE_dev_perso/Laravel/SAE301_TD2_G5/bmwmottorad/vendor/laravel/framework/src/Illuminate/Routing/Router.php(800): Illuminate\\Pipeline\\Pipeline->then()
#30 /home/goysim/public_html/SAE_dev_perso/Laravel/SAE301_TD2_G5/bmwmottorad/vendor/laravel/framework/src/Illuminate/Routing/Router.php(777): Illuminate\\Routing\\Router->runRouteWithinStack()
#31 /home/goysim/public_html/SAE_dev_perso/Laravel/SAE301_TD2_G5/bmwmottorad/vendor/laravel/framework/src/Illuminate/Routing/Router.php(741): Illuminate\\Routing\\Router->runRoute()
#32 /home/goysim/public_html/SAE_dev_perso/Laravel/SAE301_TD2_G5/bmwmottorad/vendor/laravel/framework/src/Illuminate/Routing/Router.php(730): Illuminate\\Routing\\Router->dispatchToRoute()
#33 /home/goysim/public_html/SAE_dev_perso/Laravel/SAE301_TD2_G5/bmwmottorad/vendor/laravel/framework/src/Illuminate/Foundation/Http/Kernel.php(200): Illuminate\\Routing\\Router->dispatch()
#34 /home/goysim/public_html/SAE_dev_perso/Laravel/SAE301_TD2_G5/bmwmottorad/vendor/laravel/framework/src/Illuminate/Pipeline/Pipeline.php(141): Illuminate\\Foundation\\Http\\Kernel->Illuminate\\Foundation\\Http\\{closure}()
#35 /home/goysim/public_html/SAE_dev_perso/Laravel/SAE301_TD2_G5/bmwmottorad/vendor/laravel/framework/src/Illuminate/Foundation/Http/Middleware/TransformsRequest.php(21): Illuminate\\Pipeline\\Pipeline->Illuminate\\Pipeline\\{closure}()
#36 /home/goysim/public_html/SAE_dev_perso/Laravel/SAE301_TD2_G5/bmwmottorad/vendor/laravel/framework/src/Illuminate/Foundation/Http/Middleware/ConvertEmptyStringsToNull.php(31): Illuminate\\Foundation\\Http\\Middleware\\TransformsRequest->handle()
#37 /home/goysim/public_html/SAE_dev_perso/Laravel/SAE301_TD2_G5/bmwmottorad/vendor/laravel/framework/src/Illuminate/Pipeline/Pipeline.php(180): Illuminate\\Foundation\\Http\\Middleware\\ConvertEmptyStringsToNull->handle()
#38 /home/goysim/public_html/SAE_dev_perso/Laravel/SAE301_TD2_G5/bmwmottorad/vendor/laravel/framework/src/Illuminate/Foundation/Http/Middleware/TransformsRequest.php(21): Illuminate\\Pipeline\\Pipeline->Illuminate\\Pipeline\\{closure}()
#39 /home/goysim/public_html/SAE_dev_perso/Laravel/SAE301_TD2_G5/bmwmottorad/vendor/laravel/framework/src/Illuminate/Foundation/Http/Middleware/TrimStrings.php(40): Illuminate\\Foundation\\Http\\Middleware\\TransformsRequest->handle()
#40 /home/goysim/public_html/SAE_dev_perso/Laravel/SAE301_TD2_G5/bmwmottorad/vendor/laravel/framework/src/Illuminate/Pipeline/Pipeline.php(180): Illuminate\\Foundation\\Http\\Middleware\\TrimStrings->handle()
#41 /home/goysim/public_html/SAE_dev_perso/Laravel/SAE301_TD2_G5/bmwmottorad/vendor/laravel/framework/src/Illuminate/Foundation/Http/Middleware/ValidatePostSize.php(27): Illuminate\\Pipeline\\Pipeline->Illuminate\\Pipeline\\{closure}()
#42 /home/goysim/public_html/SAE_dev_perso/Laravel/SAE301_TD2_G5/bmwmottorad/vendor/laravel/framework/src/Illuminate/Pipeline/Pipeline.php(180): Illuminate\\Foundation\\Http\\Middleware\\ValidatePostSize->handle()
#43 /home/goysim/public_html/SAE_dev_perso/Laravel/SAE301_TD2_G5/bmwmottorad/vendor/laravel/framework/src/Illuminate/Foundation/Http/Middleware/PreventRequestsDuringMaintenance.php(99): Illuminate\\Pipeline\\Pipeline->Illuminate\\Pipeline\\{closure}()
#44 /home/goysim/public_html/SAE_dev_perso/Laravel/SAE301_TD2_G5/bmwmottorad/vendor/laravel/framework/src/Illuminate/Pipeline/Pipeline.php(180): Illuminate\\Foundation\\Http\\Middleware\\PreventRequestsDuringMaintenance->handle()
#45 /home/goysim/public_html/SAE_dev_perso/Laravel/SAE301_TD2_G5/bmwmottorad/vendor/laravel/framework/src/Illuminate/Http/Middleware/HandleCors.php(49): Illuminate\\Pipeline\\Pipeline->Illuminate\\Pipeline\\{closure}()
#46 /home/goysim/public_html/SAE_dev_perso/Laravel/SAE301_TD2_G5/bmwmottorad/vendor/laravel/framework/src/Illuminate/Pipeline/Pipeline.php(180): Illuminate\\Http\\Middleware\\HandleCors->handle()
#47 /home/goysim/public_html/SAE_dev_perso/Laravel/SAE301_TD2_G5/bmwmottorad/vendor/laravel/framework/src/Illuminate/Http/Middleware/TrustProxies.php(39): Illuminate\\Pipeline\\Pipeline->Illuminate\\Pipeline\\{closure}()
#48 /home/goysim/public_html/SAE_dev_perso/Laravel/SAE301_TD2_G5/bmwmottorad/vendor/laravel/framework/src/Illuminate/Pipeline/Pipeline.php(180): Illuminate\\Http\\Middleware\\TrustProxies->handle()
#49 /home/goysim/public_html/SAE_dev_perso/Laravel/SAE301_TD2_G5/bmwmottorad/vendor/laravel/framework/src/Illuminate/Pipeline/Pipeline.php(116): Illuminate\\Pipeline\\Pipeline->Illuminate\\Pipeline\\{closure}()
#50 /home/goysim/public_html/SAE_dev_perso/Laravel/SAE301_TD2_G5/bmwmottorad/vendor/laravel/framework/src/Illuminate/Foundation/Http/Kernel.php(175): Illuminate\\Pipeline\\Pipeline->then()
#51 /home/goysim/public_html/SAE_dev_perso/Laravel/SAE301_TD2_G5/bmwmottorad/vendor/laravel/framework/src/Illuminate/Foundation/Http/Kernel.php(144): Illuminate\\Foundation\\Http\\Kernel->sendRequestThroughRouter()
#52 /home/goysim/public_html/SAE_dev_perso/Laravel/SAE301_TD2_G5/bmwmottorad/public/index.php(52): Illuminate\\Foundation\\Http\\Kernel->handle()
#53 {main}

[previous exception] [object] (ParseError(code: 0): syntax error, unexpected token \"<\", expecting end of file at /home/goysim/public_html/SAE_dev_perso/Laravel/SAE301_TD2_G5/bmwmottorad/storage/framework/views/bced363484ad4ef1f677a6a0d0761f68.php:16)
[stacktrace]
#0 /home/goysim/public_html/SAE_dev_perso/Laravel/SAE301_TD2_G5/bmwmottorad/vendor/laravel/framework/src/Illuminate/Filesystem/Filesystem.php(125): Illuminate\\Filesystem\\Filesystem::Illuminate\\Filesystem\\{closure}()
#1 /home/goysim/public_html/SAE_dev_perso/Laravel/SAE301_TD2_G5/bmwmottorad/vendor/laravel/framework/src/Illuminate/View/Engines/PhpEngine.php(58): Illuminate\\Filesystem\\Filesystem->getRequire()
#2 /home/goysim/public_html/SAE_dev_perso/Laravel/SAE301_TD2_G5/bmwmottorad/vendor/laravel/framework/src/Illuminate/View/Engines/CompilerEngine.php(72): Illuminate\\View\\Engines\\PhpEngine->evaluatePath()
#3 /home/goysim/public_html/SAE_dev_perso/Laravel/SAE301_TD2_G5/bmwmottorad/vendor/laravel/framework/src/Illuminate/View/View.php(207): Illuminate\\View\\Engines\\CompilerEngine->get()
#4 /home/goysim/public_html/SAE_dev_perso/Laravel/SAE301_TD2_G5/bmwmottorad/vendor/laravel/framework/src/Illuminate/View/View.php(190): Illuminate\\View\\View->getContents()
#5 /home/goysim/public_html/SAE_dev_perso/Laravel/SAE301_TD2_G5/bmwmottorad/vendor/laravel/framework/src/Illuminate/View/View.php(159): Illuminate\\View\\View->renderContents()
#6 /home/goysim/public_html/SAE_dev_perso/Laravel/SAE301_TD2_G5/bmwmottorad/vendor/barryvdh/laravel-dompdf/src/PDF.php(125): Illuminate\\View\\View->render()
#7 /home/goysim/public_html/SAE_dev_perso/Laravel/SAE301_TD2_G5/bmwmottorad/vendor/barryvdh/laravel-dompdf/src/Facade/Pdf.php(56): Barryvdh\\DomPDF\\PDF->loadView()
#8 /home/goysim/public_html/SAE_dev_perso/Laravel/SAE301_TD2_G5/bmwmottorad/app/Http/Controllers/PDFController.php(50): Barryvdh\\DomPDF\\Facade\\Pdf::__callStatic()
#9 /home/goysim/public_html/SAE_dev_perso/Laravel/SAE301_TD2_G5/bmwmottorad/vendor/laravel/framework/src/Illuminate/Routing/Controller.php(54): App\\Http\\Controllers\\PDFController->generatePdf()
#10 /home/goysim/public_html/SAE_dev_perso/Laravel/SAE301_TD2_G5/bmwmottorad/vendor/laravel/framework/src/Illuminate/Routing/ControllerDispatcher.php(43): Illuminate\\Routing\\Controller->callAction()
#11 /home/goysim/public_html/SAE_dev_perso/Laravel/SAE301_TD2_G5/bmwmottorad/vendor/laravel/framework/src/Illuminate/Routing/Route.php(260): Illuminate\\Routing\\ControllerDispatcher->dispatch()
#12 /home/goysim/public_html/SAE_dev_perso/Laravel/SAE301_TD2_G5/bmwmottorad/vendor/laravel/framework/src/Illuminate/Routing/Route.php(205): Illuminate\\Routing\\Route->runController()
#13 /home/goysim/public_html/SAE_dev_perso/Laravel/SAE301_TD2_G5/bmwmottorad/vendor/laravel/framework/src/Illuminate/Routing/Router.php(799): Illuminate\\Routing\\Route->run()
#14 /home/goysim/public_html/SAE_dev_perso/Laravel/SAE301_TD2_G5/bmwmottorad/vendor/laravel/framework/src/Illuminate/Pipeline/Pipeline.php(141): Illuminate\\Routing\\Router->Illuminate\\Routing\\{closure}()
#15 /home/goysim/public_html/SAE_dev_perso/Laravel/SAE301_TD2_G5/bmwmottorad/vendor/laravel/framework/src/Illuminate/Routing/Middleware/SubstituteBindings.php(50): Illuminate\\Pipeline\\Pipeline->Illuminate\\Pipeline\\{closure}()
#16 /home/goysim/public_html/SAE_dev_perso/Laravel/SAE301_TD2_G5/bmwmottorad/vendor/laravel/framework/src/Illuminate/Pipeline/Pipeline.php(180): Illuminate\\Routing\\Middleware\\SubstituteBindings->handle()
#17 /home/goysim/public_html/SAE_dev_perso/Laravel/SAE301_TD2_G5/bmwmottorad/vendor/laravel/framework/src/Illuminate/Foundation/Http/Middleware/VerifyCsrfToken.php(78): Illuminate\\Pipeline\\Pipeline->Illuminate\\Pipeline\\{closure}()
#18 /home/goysim/public_html/SAE_dev_perso/Laravel/SAE301_TD2_G5/bmwmottorad/vendor/laravel/framework/src/Illuminate/Pipeline/Pipeline.php(180): Illuminate\\Foundation\\Http\\Middleware\\VerifyCsrfToken->handle()
#19 /home/goysim/public_html/SAE_dev_perso/Laravel/SAE301_TD2_G5/bmwmottorad/vendor/laravel/framework/src/Illuminate/View/Middleware/ShareErrorsFromSession.php(49): Illuminate\\Pipeline\\Pipeline->Illuminate\\Pipeline\\{closure}()
#20 /home/goysim/public_html/SAE_dev_perso/Laravel/SAE301_TD2_G5/bmwmottorad/vendor/laravel/framework/src/Illuminate/Pipeline/Pipeline.php(180): Illuminate\\View\\Middleware\\ShareErrorsFromSession->handle()
#21 /home/goysim/public_html/SAE_dev_perso/Laravel/SAE301_TD2_G5/bmwmottorad/vendor/laravel/framework/src/Illuminate/Session/Middleware/StartSession.php(121): Illuminate\\Pipeline\\Pipeline->Illuminate\\Pipeline\\{closure}()
#22 /home/goysim/public_html/SAE_dev_perso/Laravel/SAE301_TD2_G5/bmwmottorad/vendor/laravel/framework/src/Illuminate/Session/Middleware/StartSession.php(64): Illuminate\\Session\\Middleware\\StartSession->handleStatefulRequest()
#23 /home/goysim/public_html/SAE_dev_perso/Laravel/SAE301_TD2_G5/bmwmottorad/vendor/laravel/framework/src/Illuminate/Pipeline/Pipeline.php(180): Illuminate\\Session\\Middleware\\StartSession->handle()
#24 /home/goysim/public_html/SAE_dev_perso/Laravel/SAE301_TD2_G5/bmwmottorad/vendor/laravel/framework/src/Illuminate/Cookie/Middleware/AddQueuedCookiesToResponse.php(37): Illuminate\\Pipeline\\Pipeline->Illuminate\\Pipeline\\{closure}()
#25 /home/goysim/public_html/SAE_dev_perso/Laravel/SAE301_TD2_G5/bmwmottorad/vendor/laravel/framework/src/Illuminate/Pipeline/Pipeline.php(180): Illuminate\\Cookie\\Middleware\\AddQueuedCookiesToResponse->handle()
#26 /home/goysim/public_html/SAE_dev_perso/Laravel/SAE301_TD2_G5/bmwmottorad/vendor/laravel/framework/src/Illuminate/Cookie/Middleware/EncryptCookies.php(67): Illuminate\\Pipeline\\Pipeline->Illuminate\\Pipeline\\{closure}()
#27 /home/goysim/public_html/SAE_dev_perso/Laravel/SAE301_TD2_G5/bmwmottorad/vendor/laravel/framework/src/Illuminate/Pipeline/Pipeline.php(180): Illuminate\\Cookie\\Middleware\\EncryptCookies->handle()
#28 /home/goysim/public_html/SAE_dev_perso/Laravel/SAE301_TD2_G5/bmwmottorad/vendor/laravel/framework/src/Illuminate/Pipeline/Pipeline.php(116): Illuminate\\Pipeline\\Pipeline->Illuminate\\Pipeline\\{closure}()
#29 /home/goysim/public_html/SAE_dev_perso/Laravel/SAE301_TD2_G5/bmwmottorad/vendor/laravel/framework/src/Illuminate/Routing/Router.php(800): Illuminate\\Pipeline\\Pipeline->then()
#30 /home/goysim/public_html/SAE_dev_perso/Laravel/SAE301_TD2_G5/bmwmottorad/vendor/laravel/framework/src/Illuminate/Routing/Router.php(777): Illuminate\\Routing\\Router->runRouteWithinStack()
#31 /home/goysim/public_html/SAE_dev_perso/Laravel/SAE301_TD2_G5/bmwmottorad/vendor/laravel/framework/src/Illuminate/Routing/Router.php(741): Illuminate\\Routing\\Router->runRoute()
#32 /home/goysim/public_html/SAE_dev_perso/Laravel/SAE301_TD2_G5/bmwmottorad/vendor/laravel/framework/src/Illuminate/Routing/Router.php(730): Illuminate\\Routing\\Router->dispatchToRoute()
#33 /home/goysim/public_html/SAE_dev_perso/Laravel/SAE301_TD2_G5/bmwmottorad/vendor/laravel/framework/src/Illuminate/Foundation/Http/Kernel.php(200): Illuminate\\Routing\\Router->dispatch()
#34 /home/goysim/public_html/SAE_dev_perso/Laravel/SAE301_TD2_G5/bmwmottorad/vendor/laravel/framework/src/Illuminate/Pipeline/Pipeline.php(141): Illuminate\\Foundation\\Http\\Kernel->Illuminate\\Foundation\\Http\\{closure}()
#35 /home/goysim/public_html/SAE_dev_perso/Laravel/SAE301_TD2_G5/bmwmottorad/vendor/laravel/framework/src/Illuminate/Foundation/Http/Middleware/TransformsRequest.php(21): Illuminate\\Pipeline\\Pipeline->Illuminate\\Pipeline\\{closure}()
#36 /home/goysim/public_html/SAE_dev_perso/Laravel/SAE301_TD2_G5/bmwmottorad/vendor/laravel/framework/src/Illuminate/Foundation/Http/Middleware/ConvertEmptyStringsToNull.php(31): Illuminate\\Foundation\\Http\\Middleware\\TransformsRequest->handle()
#37 /home/goysim/public_html/SAE_dev_perso/Laravel/SAE301_TD2_G5/bmwmottorad/vendor/laravel/framework/src/Illuminate/Pipeline/Pipeline.php(180): Illuminate\\Foundation\\Http\\Middleware\\ConvertEmptyStringsToNull->handle()
#38 /home/goysim/public_html/SAE_dev_perso/Laravel/SAE301_TD2_G5/bmwmottorad/vendor/laravel/framework/src/Illuminate/Foundation/Http/Middleware/TransformsRequest.php(21): Illuminate\\Pipeline\\Pipeline->Illuminate\\Pipeline\\{closure}()
#39 /home/goysim/public_html/SAE_dev_perso/Laravel/SAE301_TD2_G5/bmwmottorad/vendor/laravel/framework/src/Illuminate/Foundation/Http/Middleware/TrimStrings.php(40): Illuminate\\Foundation\\Http\\Middleware\\TransformsRequest->handle()
#40 /home/goysim/public_html/SAE_dev_perso/Laravel/SAE301_TD2_G5/bmwmottorad/vendor/laravel/framework/src/Illuminate/Pipeline/Pipeline.php(180): Illuminate\\Foundation\\Http\\Middleware\\TrimStrings->handle()
#41 /home/goysim/public_html/SAE_dev_perso/Laravel/SAE301_TD2_G5/bmwmottorad/vendor/laravel/framework/src/Illuminate/Foundation/Http/Middleware/ValidatePostSize.php(27): Illuminate\\Pipeline\\Pipeline->Illuminate\\Pipeline\\{closure}()
#42 /home/goysim/public_html/SAE_dev_perso/Laravel/SAE301_TD2_G5/bmwmottorad/vendor/laravel/framework/src/Illuminate/Pipeline/Pipeline.php(180): Illuminate\\Foundation\\Http\\Middleware\\ValidatePostSize->handle()
#43 /home/goysim/public_html/SAE_dev_perso/Laravel/SAE301_TD2_G5/bmwmottorad/vendor/laravel/framework/src/Illuminate/Foundation/Http/Middleware/PreventRequestsDuringMaintenance.php(99): Illuminate\\Pipeline\\Pipeline->Illuminate\\Pipeline\\{closure}()
#44 /home/goysim/public_html/SAE_dev_perso/Laravel/SAE301_TD2_G5/bmwmottorad/vendor/laravel/framework/src/Illuminate/Pipeline/Pipeline.php(180): Illuminate\\Foundation\\Http\\Middleware\\PreventRequestsDuringMaintenance->handle()
#45 /home/goysim/public_html/SAE_dev_perso/Laravel/SAE301_TD2_G5/bmwmottorad/vendor/laravel/framework/src/Illuminate/Http/Middleware/HandleCors.php(49): Illuminate\\Pipeline\\Pipeline->Illuminate\\Pipeline\\{closure}()
#46 /home/goysim/public_html/SAE_dev_perso/Laravel/SAE301_TD2_G5/bmwmottorad/vendor/laravel/framework/src/Illuminate/Pipeline/Pipeline.php(180): Illuminate\\Http\\Middleware\\HandleCors->handle()
#47 /home/goysim/public_html/SAE_dev_perso/Laravel/SAE301_TD2_G5/bmwmottorad/vendor/laravel/framework/src/Illuminate/Http/Middleware/TrustProxies.php(39): Illuminate\\Pipeline\\Pipeline->Illuminate\\Pipeline\\{closure}()
#48 /home/goysim/public_html/SAE_dev_perso/Laravel/SAE301_TD2_G5/bmwmottorad/vendor/laravel/framework/src/Illuminate/Pipeline/Pipeline.php(180): Illuminate\\Http\\Middleware\\TrustProxies->handle()
#49 /home/goysim/public_html/SAE_dev_perso/Laravel/SAE301_TD2_G5/bmwmottorad/vendor/laravel/framework/src/Illuminate/Pipeline/Pipeline.php(116): Illuminate\\Pipeline\\Pipeline->Illuminate\\Pipeline\\{closure}()
#50 /home/goysim/public_html/SAE_dev_perso/Laravel/SAE301_TD2_G5/bmwmottorad/vendor/laravel/framework/src/Illuminate/Foundation/Http/Kernel.php(175): Illuminate\\Pipeline\\Pipeline->then()
#51 /home/goysim/public_html/SAE_dev_perso/Laravel/SAE301_TD2_G5/bmwmottorad/vendor/laravel/framework/src/Illuminate/Foundation/Http/Kernel.php(144): Illuminate\\Foundation\\Http\\Kernel->sendRequestThroughRouter()
#52 /home/goysim/public_html/SAE_dev_perso/Laravel/SAE301_TD2_G5/bmwmottorad/public/index.php(52): Illuminate\\Foundation\\Http\\Kernel->handle()
#53 {main}
"} 
[2023-11-29 08:41:34] local.ERROR: syntax error, unexpected token "<", expecting end of file {"view":{"view":"/home/goysim/public_html/SAE_dev_perso/Laravel/SAE301_TD2_G5/bmwmottorad/resources/views/pdf/moto-config.blade.php","data":[]},"exception":"[object] (Spatie\\LaravelIgnition\\Exceptions\\ViewException(code: 0): syntax error, unexpected token \"<\", expecting end of file at /home/goysim/public_html/SAE_dev_perso/Laravel/SAE301_TD2_G5/bmwmottorad/resources/views/pdf/moto-config.blade.php:16)
[stacktrace]
#0 /home/goysim/public_html/SAE_dev_perso/Laravel/SAE301_TD2_G5/bmwmottorad/vendor/laravel/framework/src/Illuminate/Filesystem/Filesystem.php(125): Illuminate\\Filesystem\\Filesystem::Illuminate\\Filesystem\\{closure}()
#1 /home/goysim/public_html/SAE_dev_perso/Laravel/SAE301_TD2_G5/bmwmottorad/vendor/laravel/framework/src/Illuminate/View/Engines/PhpEngine.php(58): Illuminate\\Filesystem\\Filesystem->getRequire()
#2 /home/goysim/public_html/SAE_dev_perso/Laravel/SAE301_TD2_G5/bmwmottorad/vendor/laravel/framework/src/Illuminate/View/Engines/CompilerEngine.php(72): Illuminate\\View\\Engines\\PhpEngine->evaluatePath()
#3 /home/goysim/public_html/SAE_dev_perso/Laravel/SAE301_TD2_G5/bmwmottorad/vendor/laravel/framework/src/Illuminate/View/View.php(207): Illuminate\\View\\Engines\\CompilerEngine->get()
#4 /home/goysim/public_html/SAE_dev_perso/Laravel/SAE301_TD2_G5/bmwmottorad/vendor/laravel/framework/src/Illuminate/View/View.php(190): Illuminate\\View\\View->getContents()
#5 /home/goysim/public_html/SAE_dev_perso/Laravel/SAE301_TD2_G5/bmwmottorad/vendor/laravel/framework/src/Illuminate/View/View.php(159): Illuminate\\View\\View->renderContents()
#6 /home/goysim/public_html/SAE_dev_perso/Laravel/SAE301_TD2_G5/bmwmottorad/vendor/barryvdh/laravel-dompdf/src/PDF.php(125): Illuminate\\View\\View->render()
#7 /home/goysim/public_html/SAE_dev_perso/Laravel/SAE301_TD2_G5/bmwmottorad/vendor/barryvdh/laravel-dompdf/src/Facade/Pdf.php(56): Barryvdh\\DomPDF\\PDF->loadView()
#8 /home/goysim/public_html/SAE_dev_perso/Laravel/SAE301_TD2_G5/bmwmottorad/app/Http/Controllers/PDFController.php(50): Barryvdh\\DomPDF\\Facade\\Pdf::__callStatic()
#9 /home/goysim/public_html/SAE_dev_perso/Laravel/SAE301_TD2_G5/bmwmottorad/vendor/laravel/framework/src/Illuminate/Routing/Controller.php(54): App\\Http\\Controllers\\PDFController->generatePdf()
#10 /home/goysim/public_html/SAE_dev_perso/Laravel/SAE301_TD2_G5/bmwmottorad/vendor/laravel/framework/src/Illuminate/Routing/ControllerDispatcher.php(43): Illuminate\\Routing\\Controller->callAction()
#11 /home/goysim/public_html/SAE_dev_perso/Laravel/SAE301_TD2_G5/bmwmottorad/vendor/laravel/framework/src/Illuminate/Routing/Route.php(260): Illuminate\\Routing\\ControllerDispatcher->dispatch()
#12 /home/goysim/public_html/SAE_dev_perso/Laravel/SAE301_TD2_G5/bmwmottorad/vendor/laravel/framework/src/Illuminate/Routing/Route.php(205): Illuminate\\Routing\\Route->runController()
#13 /home/goysim/public_html/SAE_dev_perso/Laravel/SAE301_TD2_G5/bmwmottorad/vendor/laravel/framework/src/Illuminate/Routing/Router.php(799): Illuminate\\Routing\\Route->run()
#14 /home/goysim/public_html/SAE_dev_perso/Laravel/SAE301_TD2_G5/bmwmottorad/vendor/laravel/framework/src/Illuminate/Pipeline/Pipeline.php(141): Illuminate\\Routing\\Router->Illuminate\\Routing\\{closure}()
#15 /home/goysim/public_html/SAE_dev_perso/Laravel/SAE301_TD2_G5/bmwmottorad/vendor/laravel/framework/src/Illuminate/Routing/Middleware/SubstituteBindings.php(50): Illuminate\\Pipeline\\Pipeline->Illuminate\\Pipeline\\{closure}()
#16 /home/goysim/public_html/SAE_dev_perso/Laravel/SAE301_TD2_G5/bmwmottorad/vendor/laravel/framework/src/Illuminate/Pipeline/Pipeline.php(180): Illuminate\\Routing\\Middleware\\SubstituteBindings->handle()
#17 /home/goysim/public_html/SAE_dev_perso/Laravel/SAE301_TD2_G5/bmwmottorad/vendor/laravel/framework/src/Illuminate/Foundation/Http/Middleware/VerifyCsrfToken.php(78): Illuminate\\Pipeline\\Pipeline->Illuminate\\Pipeline\\{closure}()
#18 /home/goysim/public_html/SAE_dev_perso/Laravel/SAE301_TD2_G5/bmwmottorad/vendor/laravel/framework/src/Illuminate/Pipeline/Pipeline.php(180): Illuminate\\Foundation\\Http\\Middleware\\VerifyCsrfToken->handle()
#19 /home/goysim/public_html/SAE_dev_perso/Laravel/SAE301_TD2_G5/bmwmottorad/vendor/laravel/framework/src/Illuminate/View/Middleware/ShareErrorsFromSession.php(49): Illuminate\\Pipeline\\Pipeline->Illuminate\\Pipeline\\{closure}()
#20 /home/goysim/public_html/SAE_dev_perso/Laravel/SAE301_TD2_G5/bmwmottorad/vendor/laravel/framework/src/Illuminate/Pipeline/Pipeline.php(180): Illuminate\\View\\Middleware\\ShareErrorsFromSession->handle()
#21 /home/goysim/public_html/SAE_dev_perso/Laravel/SAE301_TD2_G5/bmwmottorad/vendor/laravel/framework/src/Illuminate/Session/Middleware/StartSession.php(121): Illuminate\\Pipeline\\Pipeline->Illuminate\\Pipeline\\{closure}()
#22 /home/goysim/public_html/SAE_dev_perso/Laravel/SAE301_TD2_G5/bmwmottorad/vendor/laravel/framework/src/Illuminate/Session/Middleware/StartSession.php(64): Illuminate\\Session\\Middleware\\StartSession->handleStatefulRequest()
#23 /home/goysim/public_html/SAE_dev_perso/Laravel/SAE301_TD2_G5/bmwmottorad/vendor/laravel/framework/src/Illuminate/Pipeline/Pipeline.php(180): Illuminate\\Session\\Middleware\\StartSession->handle()
#24 /home/goysim/public_html/SAE_dev_perso/Laravel/SAE301_TD2_G5/bmwmottorad/vendor/laravel/framework/src/Illuminate/Cookie/Middleware/AddQueuedCookiesToResponse.php(37): Illuminate\\Pipeline\\Pipeline->Illuminate\\Pipeline\\{closure}()
#25 /home/goysim/public_html/SAE_dev_perso/Laravel/SAE301_TD2_G5/bmwmottorad/vendor/laravel/framework/src/Illuminate/Pipeline/Pipeline.php(180): Illuminate\\Cookie\\Middleware\\AddQueuedCookiesToResponse->handle()
#26 /home/goysim/public_html/SAE_dev_perso/Laravel/SAE301_TD2_G5/bmwmottorad/vendor/laravel/framework/src/Illuminate/Cookie/Middleware/EncryptCookies.php(67): Illuminate\\Pipeline\\Pipeline->Illuminate\\Pipeline\\{closure}()
#27 /home/goysim/public_html/SAE_dev_perso/Laravel/SAE301_TD2_G5/bmwmottorad/vendor/laravel/framework/src/Illuminate/Pipeline/Pipeline.php(180): Illuminate\\Cookie\\Middleware\\EncryptCookies->handle()
#28 /home/goysim/public_html/SAE_dev_perso/Laravel/SAE301_TD2_G5/bmwmottorad/vendor/laravel/framework/src/Illuminate/Pipeline/Pipeline.php(116): Illuminate\\Pipeline\\Pipeline->Illuminate\\Pipeline\\{closure}()
#29 /home/goysim/public_html/SAE_dev_perso/Laravel/SAE301_TD2_G5/bmwmottorad/vendor/laravel/framework/src/Illuminate/Routing/Router.php(800): Illuminate\\Pipeline\\Pipeline->then()
#30 /home/goysim/public_html/SAE_dev_perso/Laravel/SAE301_TD2_G5/bmwmottorad/vendor/laravel/framework/src/Illuminate/Routing/Router.php(777): Illuminate\\Routing\\Router->runRouteWithinStack()
#31 /home/goysim/public_html/SAE_dev_perso/Laravel/SAE301_TD2_G5/bmwmottorad/vendor/laravel/framework/src/Illuminate/Routing/Router.php(741): Illuminate\\Routing\\Router->runRoute()
#32 /home/goysim/public_html/SAE_dev_perso/Laravel/SAE301_TD2_G5/bmwmottorad/vendor/laravel/framework/src/Illuminate/Routing/Router.php(730): Illuminate\\Routing\\Router->dispatchToRoute()
#33 /home/goysim/public_html/SAE_dev_perso/Laravel/SAE301_TD2_G5/bmwmottorad/vendor/laravel/framework/src/Illuminate/Foundation/Http/Kernel.php(200): Illuminate\\Routing\\Router->dispatch()
#34 /home/goysim/public_html/SAE_dev_perso/Laravel/SAE301_TD2_G5/bmwmottorad/vendor/laravel/framework/src/Illuminate/Pipeline/Pipeline.php(141): Illuminate\\Foundation\\Http\\Kernel->Illuminate\\Foundation\\Http\\{closure}()
#35 /home/goysim/public_html/SAE_dev_perso/Laravel/SAE301_TD2_G5/bmwmottorad/vendor/laravel/framework/src/Illuminate/Foundation/Http/Middleware/TransformsRequest.php(21): Illuminate\\Pipeline\\Pipeline->Illuminate\\Pipeline\\{closure}()
#36 /home/goysim/public_html/SAE_dev_perso/Laravel/SAE301_TD2_G5/bmwmottorad/vendor/laravel/framework/src/Illuminate/Foundation/Http/Middleware/ConvertEmptyStringsToNull.php(31): Illuminate\\Foundation\\Http\\Middleware\\TransformsRequest->handle()
#37 /home/goysim/public_html/SAE_dev_perso/Laravel/SAE301_TD2_G5/bmwmottorad/vendor/laravel/framework/src/Illuminate/Pipeline/Pipeline.php(180): Illuminate\\Foundation\\Http\\Middleware\\ConvertEmptyStringsToNull->handle()
#38 /home/goysim/public_html/SAE_dev_perso/Laravel/SAE301_TD2_G5/bmwmottorad/vendor/laravel/framework/src/Illuminate/Foundation/Http/Middleware/TransformsRequest.php(21): Illuminate\\Pipeline\\Pipeline->Illuminate\\Pipeline\\{closure}()
#39 /home/goysim/public_html/SAE_dev_perso/Laravel/SAE301_TD2_G5/bmwmottorad/vendor/laravel/framework/src/Illuminate/Foundation/Http/Middleware/TrimStrings.php(40): Illuminate\\Foundation\\Http\\Middleware\\TransformsRequest->handle()
#40 /home/goysim/public_html/SAE_dev_perso/Laravel/SAE301_TD2_G5/bmwmottorad/vendor/laravel/framework/src/Illuminate/Pipeline/Pipeline.php(180): Illuminate\\Foundation\\Http\\Middleware\\TrimStrings->handle()
#41 /home/goysim/public_html/SAE_dev_perso/Laravel/SAE301_TD2_G5/bmwmottorad/vendor/laravel/framework/src/Illuminate/Foundation/Http/Middleware/ValidatePostSize.php(27): Illuminate\\Pipeline\\Pipeline->Illuminate\\Pipeline\\{closure}()
#42 /home/goysim/public_html/SAE_dev_perso/Laravel/SAE301_TD2_G5/bmwmottorad/vendor/laravel/framework/src/Illuminate/Pipeline/Pipeline.php(180): Illuminate\\Foundation\\Http\\Middleware\\ValidatePostSize->handle()
#43 /home/goysim/public_html/SAE_dev_perso/Laravel/SAE301_TD2_G5/bmwmottorad/vendor/laravel/framework/src/Illuminate/Foundation/Http/Middleware/PreventRequestsDuringMaintenance.php(99): Illuminate\\Pipeline\\Pipeline->Illuminate\\Pipeline\\{closure}()
#44 /home/goysim/public_html/SAE_dev_perso/Laravel/SAE301_TD2_G5/bmwmottorad/vendor/laravel/framework/src/Illuminate/Pipeline/Pipeline.php(180): Illuminate\\Foundation\\Http\\Middleware\\PreventRequestsDuringMaintenance->handle()
#45 /home/goysim/public_html/SAE_dev_perso/Laravel/SAE301_TD2_G5/bmwmottorad/vendor/laravel/framework/src/Illuminate/Http/Middleware/HandleCors.php(49): Illuminate\\Pipeline\\Pipeline->Illuminate\\Pipeline\\{closure}()
#46 /home/goysim/public_html/SAE_dev_perso/Laravel/SAE301_TD2_G5/bmwmottorad/vendor/laravel/framework/src/Illuminate/Pipeline/Pipeline.php(180): Illuminate\\Http\\Middleware\\HandleCors->handle()
#47 /home/goysim/public_html/SAE_dev_perso/Laravel/SAE301_TD2_G5/bmwmottorad/vendor/laravel/framework/src/Illuminate/Http/Middleware/TrustProxies.php(39): Illuminate\\Pipeline\\Pipeline->Illuminate\\Pipeline\\{closure}()
#48 /home/goysim/public_html/SAE_dev_perso/Laravel/SAE301_TD2_G5/bmwmottorad/vendor/laravel/framework/src/Illuminate/Pipeline/Pipeline.php(180): Illuminate\\Http\\Middleware\\TrustProxies->handle()
#49 /home/goysim/public_html/SAE_dev_perso/Laravel/SAE301_TD2_G5/bmwmottorad/vendor/laravel/framework/src/Illuminate/Pipeline/Pipeline.php(116): Illuminate\\Pipeline\\Pipeline->Illuminate\\Pipeline\\{closure}()
#50 /home/goysim/public_html/SAE_dev_perso/Laravel/SAE301_TD2_G5/bmwmottorad/vendor/laravel/framework/src/Illuminate/Foundation/Http/Kernel.php(175): Illuminate\\Pipeline\\Pipeline->then()
#51 /home/goysim/public_html/SAE_dev_perso/Laravel/SAE301_TD2_G5/bmwmottorad/vendor/laravel/framework/src/Illuminate/Foundation/Http/Kernel.php(144): Illuminate\\Foundation\\Http\\Kernel->sendRequestThroughRouter()
#52 /home/goysim/public_html/SAE_dev_perso/Laravel/SAE301_TD2_G5/bmwmottorad/public/index.php(52): Illuminate\\Foundation\\Http\\Kernel->handle()
#53 {main}

[previous exception] [object] (ParseError(code: 0): syntax error, unexpected token \"<\", expecting end of file at /home/goysim/public_html/SAE_dev_perso/Laravel/SAE301_TD2_G5/bmwmottorad/storage/framework/views/bced363484ad4ef1f677a6a0d0761f68.php:16)
[stacktrace]
#0 /home/goysim/public_html/SAE_dev_perso/Laravel/SAE301_TD2_G5/bmwmottorad/vendor/laravel/framework/src/Illuminate/Filesystem/Filesystem.php(125): Illuminate\\Filesystem\\Filesystem::Illuminate\\Filesystem\\{closure}()
#1 /home/goysim/public_html/SAE_dev_perso/Laravel/SAE301_TD2_G5/bmwmottorad/vendor/laravel/framework/src/Illuminate/View/Engines/PhpEngine.php(58): Illuminate\\Filesystem\\Filesystem->getRequire()
#2 /home/goysim/public_html/SAE_dev_perso/Laravel/SAE301_TD2_G5/bmwmottorad/vendor/laravel/framework/src/Illuminate/View/Engines/CompilerEngine.php(72): Illuminate\\View\\Engines\\PhpEngine->evaluatePath()
#3 /home/goysim/public_html/SAE_dev_perso/Laravel/SAE301_TD2_G5/bmwmottorad/vendor/laravel/framework/src/Illuminate/View/View.php(207): Illuminate\\View\\Engines\\CompilerEngine->get()
#4 /home/goysim/public_html/SAE_dev_perso/Laravel/SAE301_TD2_G5/bmwmottorad/vendor/laravel/framework/src/Illuminate/View/View.php(190): Illuminate\\View\\View->getContents()
#5 /home/goysim/public_html/SAE_dev_perso/Laravel/SAE301_TD2_G5/bmwmottorad/vendor/laravel/framework/src/Illuminate/View/View.php(159): Illuminate\\View\\View->renderContents()
#6 /home/goysim/public_html/SAE_dev_perso/Laravel/SAE301_TD2_G5/bmwmottorad/vendor/barryvdh/laravel-dompdf/src/PDF.php(125): Illuminate\\View\\View->render()
#7 /home/goysim/public_html/SAE_dev_perso/Laravel/SAE301_TD2_G5/bmwmottorad/vendor/barryvdh/laravel-dompdf/src/Facade/Pdf.php(56): Barryvdh\\DomPDF\\PDF->loadView()
#8 /home/goysim/public_html/SAE_dev_perso/Laravel/SAE301_TD2_G5/bmwmottorad/app/Http/Controllers/PDFController.php(50): Barryvdh\\DomPDF\\Facade\\Pdf::__callStatic()
#9 /home/goysim/public_html/SAE_dev_perso/Laravel/SAE301_TD2_G5/bmwmottorad/vendor/laravel/framework/src/Illuminate/Routing/Controller.php(54): App\\Http\\Controllers\\PDFController->generatePdf()
#10 /home/goysim/public_html/SAE_dev_perso/Laravel/SAE301_TD2_G5/bmwmottorad/vendor/laravel/framework/src/Illuminate/Routing/ControllerDispatcher.php(43): Illuminate\\Routing\\Controller->callAction()
#11 /home/goysim/public_html/SAE_dev_perso/Laravel/SAE301_TD2_G5/bmwmottorad/vendor/laravel/framework/src/Illuminate/Routing/Route.php(260): Illuminate\\Routing\\ControllerDispatcher->dispatch()
#12 /home/goysim/public_html/SAE_dev_perso/Laravel/SAE301_TD2_G5/bmwmottorad/vendor/laravel/framework/src/Illuminate/Routing/Route.php(205): Illuminate\\Routing\\Route->runController()
#13 /home/goysim/public_html/SAE_dev_perso/Laravel/SAE301_TD2_G5/bmwmottorad/vendor/laravel/framework/src/Illuminate/Routing/Router.php(799): Illuminate\\Routing\\Route->run()
#14 /home/goysim/public_html/SAE_dev_perso/Laravel/SAE301_TD2_G5/bmwmottorad/vendor/laravel/framework/src/Illuminate/Pipeline/Pipeline.php(141): Illuminate\\Routing\\Router->Illuminate\\Routing\\{closure}()
#15 /home/goysim/public_html/SAE_dev_perso/Laravel/SAE301_TD2_G5/bmwmottorad/vendor/laravel/framework/src/Illuminate/Routing/Middleware/SubstituteBindings.php(50): Illuminate\\Pipeline\\Pipeline->Illuminate\\Pipeline\\{closure}()
#16 /home/goysim/public_html/SAE_dev_perso/Laravel/SAE301_TD2_G5/bmwmottorad/vendor/laravel/framework/src/Illuminate/Pipeline/Pipeline.php(180): Illuminate\\Routing\\Middleware\\SubstituteBindings->handle()
#17 /home/goysim/public_html/SAE_dev_perso/Laravel/SAE301_TD2_G5/bmwmottorad/vendor/laravel/framework/src/Illuminate/Foundation/Http/Middleware/VerifyCsrfToken.php(78): Illuminate\\Pipeline\\Pipeline->Illuminate\\Pipeline\\{closure}()
#18 /home/goysim/public_html/SAE_dev_perso/Laravel/SAE301_TD2_G5/bmwmottorad/vendor/laravel/framework/src/Illuminate/Pipeline/Pipeline.php(180): Illuminate\\Foundation\\Http\\Middleware\\VerifyCsrfToken->handle()
#19 /home/goysim/public_html/SAE_dev_perso/Laravel/SAE301_TD2_G5/bmwmottorad/vendor/laravel/framework/src/Illuminate/View/Middleware/ShareErrorsFromSession.php(49): Illuminate\\Pipeline\\Pipeline->Illuminate\\Pipeline\\{closure}()
#20 /home/goysim/public_html/SAE_dev_perso/Laravel/SAE301_TD2_G5/bmwmottorad/vendor/laravel/framework/src/Illuminate/Pipeline/Pipeline.php(180): Illuminate\\View\\Middleware\\ShareErrorsFromSession->handle()
#21 /home/goysim/public_html/SAE_dev_perso/Laravel/SAE301_TD2_G5/bmwmottorad/vendor/laravel/framework/src/Illuminate/Session/Middleware/StartSession.php(121): Illuminate\\Pipeline\\Pipeline->Illuminate\\Pipeline\\{closure}()
#22 /home/goysim/public_html/SAE_dev_perso/Laravel/SAE301_TD2_G5/bmwmottorad/vendor/laravel/framework/src/Illuminate/Session/Middleware/StartSession.php(64): Illuminate\\Session\\Middleware\\StartSession->handleStatefulRequest()
#23 /home/goysim/public_html/SAE_dev_perso/Laravel/SAE301_TD2_G5/bmwmottorad/vendor/laravel/framework/src/Illuminate/Pipeline/Pipeline.php(180): Illuminate\\Session\\Middleware\\StartSession->handle()
#24 /home/goysim/public_html/SAE_dev_perso/Laravel/SAE301_TD2_G5/bmwmottorad/vendor/laravel/framework/src/Illuminate/Cookie/Middleware/AddQueuedCookiesToResponse.php(37): Illuminate\\Pipeline\\Pipeline->Illuminate\\Pipeline\\{closure}()
#25 /home/goysim/public_html/SAE_dev_perso/Laravel/SAE301_TD2_G5/bmwmottorad/vendor/laravel/framework/src/Illuminate/Pipeline/Pipeline.php(180): Illuminate\\Cookie\\Middleware\\AddQueuedCookiesToResponse->handle()
#26 /home/goysim/public_html/SAE_dev_perso/Laravel/SAE301_TD2_G5/bmwmottorad/vendor/laravel/framework/src/Illuminate/Cookie/Middleware/EncryptCookies.php(67): Illuminate\\Pipeline\\Pipeline->Illuminate\\Pipeline\\{closure}()
#27 /home/goysim/public_html/SAE_dev_perso/Laravel/SAE301_TD2_G5/bmwmottorad/vendor/laravel/framework/src/Illuminate/Pipeline/Pipeline.php(180): Illuminate\\Cookie\\Middleware\\EncryptCookies->handle()
#28 /home/goysim/public_html/SAE_dev_perso/Laravel/SAE301_TD2_G5/bmwmottorad/vendor/laravel/framework/src/Illuminate/Pipeline/Pipeline.php(116): Illuminate\\Pipeline\\Pipeline->Illuminate\\Pipeline\\{closure}()
#29 /home/goysim/public_html/SAE_dev_perso/Laravel/SAE301_TD2_G5/bmwmottorad/vendor/laravel/framework/src/Illuminate/Routing/Router.php(800): Illuminate\\Pipeline\\Pipeline->then()
#30 /home/goysim/public_html/SAE_dev_perso/Laravel/SAE301_TD2_G5/bmwmottorad/vendor/laravel/framework/src/Illuminate/Routing/Router.php(777): Illuminate\\Routing\\Router->runRouteWithinStack()
#31 /home/goysim/public_html/SAE_dev_perso/Laravel/SAE301_TD2_G5/bmwmottorad/vendor/laravel/framework/src/Illuminate/Routing/Router.php(741): Illuminate\\Routing\\Router->runRoute()
#32 /home/goysim/public_html/SAE_dev_perso/Laravel/SAE301_TD2_G5/bmwmottorad/vendor/laravel/framework/src/Illuminate/Routing/Router.php(730): Illuminate\\Routing\\Router->dispatchToRoute()
#33 /home/goysim/public_html/SAE_dev_perso/Laravel/SAE301_TD2_G5/bmwmottorad/vendor/laravel/framework/src/Illuminate/Foundation/Http/Kernel.php(200): Illuminate\\Routing\\Router->dispatch()
#34 /home/goysim/public_html/SAE_dev_perso/Laravel/SAE301_TD2_G5/bmwmottorad/vendor/laravel/framework/src/Illuminate/Pipeline/Pipeline.php(141): Illuminate\\Foundation\\Http\\Kernel->Illuminate\\Foundation\\Http\\{closure}()
#35 /home/goysim/public_html/SAE_dev_perso/Laravel/SAE301_TD2_G5/bmwmottorad/vendor/laravel/framework/src/Illuminate/Foundation/Http/Middleware/TransformsRequest.php(21): Illuminate\\Pipeline\\Pipeline->Illuminate\\Pipeline\\{closure}()
#36 /home/goysim/public_html/SAE_dev_perso/Laravel/SAE301_TD2_G5/bmwmottorad/vendor/laravel/framework/src/Illuminate/Foundation/Http/Middleware/ConvertEmptyStringsToNull.php(31): Illuminate\\Foundation\\Http\\Middleware\\TransformsRequest->handle()
#37 /home/goysim/public_html/SAE_dev_perso/Laravel/SAE301_TD2_G5/bmwmottorad/vendor/laravel/framework/src/Illuminate/Pipeline/Pipeline.php(180): Illuminate\\Foundation\\Http\\Middleware\\ConvertEmptyStringsToNull->handle()
#38 /home/goysim/public_html/SAE_dev_perso/Laravel/SAE301_TD2_G5/bmwmottorad/vendor/laravel/framework/src/Illuminate/Foundation/Http/Middleware/TransformsRequest.php(21): Illuminate\\Pipeline\\Pipeline->Illuminate\\Pipeline\\{closure}()
#39 /home/goysim/public_html/SAE_dev_perso/Laravel/SAE301_TD2_G5/bmwmottorad/vendor/laravel/framework/src/Illuminate/Foundation/Http/Middleware/TrimStrings.php(40): Illuminate\\Foundation\\Http\\Middleware\\TransformsRequest->handle()
#40 /home/goysim/public_html/SAE_dev_perso/Laravel/SAE301_TD2_G5/bmwmottorad/vendor/laravel/framework/src/Illuminate/Pipeline/Pipeline.php(180): Illuminate\\Foundation\\Http\\Middleware\\TrimStrings->handle()
#41 /home/goysim/public_html/SAE_dev_perso/Laravel/SAE301_TD2_G5/bmwmottorad/vendor/laravel/framework/src/Illuminate/Foundation/Http/Middleware/ValidatePostSize.php(27): Illuminate\\Pipeline\\Pipeline->Illuminate\\Pipeline\\{closure}()
#42 /home/goysim/public_html/SAE_dev_perso/Laravel/SAE301_TD2_G5/bmwmottorad/vendor/laravel/framework/src/Illuminate/Pipeline/Pipeline.php(180): Illuminate\\Foundation\\Http\\Middleware\\ValidatePostSize->handle()
#43 /home/goysim/public_html/SAE_dev_perso/Laravel/SAE301_TD2_G5/bmwmottorad/vendor/laravel/framework/src/Illuminate/Foundation/Http/Middleware/PreventRequestsDuringMaintenance.php(99): Illuminate\\Pipeline\\Pipeline->Illuminate\\Pipeline\\{closure}()
#44 /home/goysim/public_html/SAE_dev_perso/Laravel/SAE301_TD2_G5/bmwmottorad/vendor/laravel/framework/src/Illuminate/Pipeline/Pipeline.php(180): Illuminate\\Foundation\\Http\\Middleware\\PreventRequestsDuringMaintenance->handle()
#45 /home/goysim/public_html/SAE_dev_perso/Laravel/SAE301_TD2_G5/bmwmottorad/vendor/laravel/framework/src/Illuminate/Http/Middleware/HandleCors.php(49): Illuminate\\Pipeline\\Pipeline->Illuminate\\Pipeline\\{closure}()
#46 /home/goysim/public_html/SAE_dev_perso/Laravel/SAE301_TD2_G5/bmwmottorad/vendor/laravel/framework/src/Illuminate/Pipeline/Pipeline.php(180): Illuminate\\Http\\Middleware\\HandleCors->handle()
#47 /home/goysim/public_html/SAE_dev_perso/Laravel/SAE301_TD2_G5/bmwmottorad/vendor/laravel/framework/src/Illuminate/Http/Middleware/TrustProxies.php(39): Illuminate\\Pipeline\\Pipeline->Illuminate\\Pipeline\\{closure}()
#48 /home/goysim/public_html/SAE_dev_perso/Laravel/SAE301_TD2_G5/bmwmottorad/vendor/laravel/framework/src/Illuminate/Pipeline/Pipeline.php(180): Illuminate\\Http\\Middleware\\TrustProxies->handle()
#49 /home/goysim/public_html/SAE_dev_perso/Laravel/SAE301_TD2_G5/bmwmottorad/vendor/laravel/framework/src/Illuminate/Pipeline/Pipeline.php(116): Illuminate\\Pipeline\\Pipeline->Illuminate\\Pipeline\\{closure}()
#50 /home/goysim/public_html/SAE_dev_perso/Laravel/SAE301_TD2_G5/bmwmottorad/vendor/laravel/framework/src/Illuminate/Foundation/Http/Kernel.php(175): Illuminate\\Pipeline\\Pipeline->then()
#51 /home/goysim/public_html/SAE_dev_perso/Laravel/SAE301_TD2_G5/bmwmottorad/vendor/laravel/framework/src/Illuminate/Foundation/Http/Kernel.php(144): Illuminate\\Foundation\\Http\\Kernel->sendRequestThroughRouter()
#52 /home/goysim/public_html/SAE_dev_perso/Laravel/SAE301_TD2_G5/bmwmottorad/public/index.php(52): Illuminate\\Foundation\\Http\\Kernel->handle()
#53 {main}
"} 
